Log file open, 06/12/20 20:25:41
LogWindows: Failed to load 'aqProf.dll' (GetLastError=126)
LogWindows: File 'aqProf.dll' does not exist
LogWindows: Failed to load 'VtuneApi.dll' (GetLastError=126)
LogWindows: File 'VtuneApi.dll' does not exist
LogWindows: Failed to load 'VtuneApi32e.dll' (GetLastError=126)
LogWindows: File 'VtuneApi32e.dll' does not exist
LogConsoleResponse: Display: Failed to find resolution value strings in scalability ini. Falling back to default.
LogInit: Display: Running engine for game: Arise
LogPlatformFile: Not using cached read wrapper
LogTaskGraph: Started task graph with 5 named threads and 35 total threads with 3 sets of task threads.
LogStats: Stats thread started at 0.097649
LogD3D11RHI: Loaded GFSDK_Aftermath_Lib.x64.dll
LogICUInternationalization: ICU TimeZone Detection - Raw Offset: -7:00, Platform Override: ''
LogPluginManager: Mounting plugin Paper2D
LogPluginManager: Mounting plugin AISupport
LogPluginManager: Mounting plugin LightPropagationVolume
LogPluginManager: Mounting plugin ActorLayerUtilities
LogPluginManager: Mounting plugin AnimationSharing
LogPluginManager: Mounting plugin CLionSourceCodeAccess
LogPluginManager: Mounting plugin CodeLiteSourceCodeAccess
LogPluginManager: Mounting plugin GitSourceControl
LogPluginManager: Mounting plugin KDevelopSourceCodeAccess
LogPluginManager: Mounting plugin NullSourceCodeAccess
LogPluginManager: Mounting plugin PerforceSourceControl
LogPluginManager: Mounting plugin PlasticSourceControl
LogPluginManager: Mounting plugin SubversionSourceControl
LogPluginManager: Mounting plugin UObjectPlugin
LogPluginManager: Mounting plugin VisualStudioCodeSourceCodeAccess
LogPluginManager: Mounting plugin VisualStudioSourceCodeAccess
LogPluginManager: Mounting plugin XCodeSourceCodeAccess
LogPluginManager: Mounting plugin AssetManagerEditor
LogPluginManager: Mounting plugin CryptoKeys
LogPluginManager: Mounting plugin CurveEditorTools
LogPluginManager: Mounting plugin DataValidation
LogPluginManager: Mounting plugin FacialAnimation
LogPluginManager: Mounting plugin GameplayTagsEditor
LogPluginManager: Mounting plugin MacGraphicsSwitching
LogPluginManager: Mounting plugin MaterialAnalyzer
LogPluginManager: Mounting plugin MobileLauncherProfileWizard
LogPluginManager: Mounting plugin PluginBrowser
LogPluginManager: Mounting plugin SpeedTreeImporter
LogPluginManager: Mounting plugin DatasmithContent
LogPluginManager: Mounting plugin VariantManagerContent
LogPluginManager: Mounting plugin AlembicImporter
LogPluginManager: Mounting plugin AutomationUtils
LogPluginManager: Mounting plugin BackChannel
LogPluginManager: Mounting plugin CharacterAI
LogPluginManager: Mounting plugin ControlRig
LogPluginManager: Mounting plugin GeometryCache
LogPluginManager: Mounting plugin PlatformCrypto
LogPluginManager: Mounting plugin ProxyLODPlugin
LogPluginManager: Mounting plugin SkeletalReduction
LogPluginManager: Mounting plugin MagicLeap
LogPluginManager: Mounting plugin MagicLeapMedia
LogPluginManager: Mounting plugin MLSDK
LogPluginManager: Mounting plugin AndroidMedia
LogPluginManager: Mounting plugin AvfMedia
LogPluginManager: Mounting plugin ImgMedia
LogPluginManager: Mounting plugin MediaCompositing
LogPluginManager: Mounting plugin MediaPlayerEditor
LogPluginManager: Mounting plugin WebMMedia
LogPluginManager: Mounting plugin WmfMedia
LogPluginManager: Mounting plugin TcpMessaging
LogPluginManager: Mounting plugin UdpMessaging
LogPluginManager: Mounting plugin ActorSequence
LogPluginManager: Mounting plugin LevelSequenceEditor
LogPluginManager: Mounting plugin MatineeToLevelSequence
LogPluginManager: Mounting plugin NetcodeUnitTest
LogPluginManager: Mounting plugin NUTUnrealEngine4
LogPluginManager: Mounting plugin OnlineSubsystemGooglePlay
LogPluginManager: Mounting plugin OnlineSubsystemIOS
LogPluginManager: Mounting plugin OnlineSubsystem
LogPluginManager: Mounting plugin OnlineSubsystemNull
LogPluginManager: Mounting plugin OnlineSubsystemUtils
LogPluginManager: Mounting plugin LauncherChunkInstaller
LogPluginManager: Mounting plugin AndroidDeviceProfileSelector
LogPluginManager: Mounting plugin AndroidMoviePlayer
LogPluginManager: Mounting plugin AndroidPermission
LogPluginManager: Mounting plugin AppleImageUtils
LogPluginManager: Mounting plugin AppleMoviePlayer
LogPluginManager: Mounting plugin ArchVisCharacter
LogPluginManager: Mounting plugin AssetTags
LogPluginManager: Mounting plugin AudioCapture
LogPluginManager: Mounting plugin CableComponent
LogPluginManager: Mounting plugin CustomMeshComponent
LogPluginManager: Mounting plugin EditableMesh
LogPluginManager: Mounting plugin ExampleDeviceProfileSelector
LogPluginManager: Mounting plugin GoogleCloudMessaging
LogPluginManager: Mounting plugin IOSDeviceProfileSelector
LogPluginManager: Mounting plugin LinuxDeviceProfileSelector
LogPluginManager: Mounting plugin LocationServicesBPLibrary
LogPluginManager: Mounting plugin MobilePatchingUtils
LogPluginManager: Mounting plugin OculusVR
LogPluginManager: Mounting plugin PhysXVehicles
LogPluginManager: Mounting plugin PostSplashScreen
LogPluginManager: Mounting plugin ProceduralMeshComponent
LogPluginManager: Mounting plugin RuntimePhysXCooking
LogPluginManager: Mounting plugin SignificanceManager
LogPluginManager: Mounting plugin SteamVR
LogPluginManager: Mounting plugin WebMMoviePlayer
LogPluginManager: Mounting plugin WindowsMoviePlayer
LogPluginManager: Mounting plugin ScreenshotTools
LogInit: Using libcurl 7.55.1-DEV
LogInit:  - built for x86_64-pc-win32
LogInit:  - supports SSL with OpenSSL/1.1.1
LogInit:  - supports HTTP deflate (compression) using libz 1.2.8
LogInit:  - other features:
LogInit:      CURL_VERSION_SSL
LogInit:      CURL_VERSION_LIBZ
LogInit:      CURL_VERSION_IPV6
LogInit:      CURL_VERSION_ASYNCHDNS
LogInit:      CURL_VERSION_LARGEFILE
LogInit:      CURL_VERSION_IDN
LogInit:  CurlRequestOptions (configurable via config and command line):
LogInit:  - bVerifyPeer = true  - Libcurl will verify peer certificate
LogInit:  - bUseHttpProxy = false  - Libcurl will NOT use HTTP proxy
LogInit:  - bDontReuseConnections = false  - Libcurl will reuse connections
LogInit:  - MaxHostConnections = 16  - Libcurl will limit the number of connections to a host
LogInit:  - LocalHostAddr = Default
LogInit:  - BufferSize = 65536
LogOnline: OSS: Creating online subsystem instance for: NULL
LogInit: WinSock: version 1.1 (2.2), MaxSocks=32767, MaxUdp=65467
LogOnline: OSS: TryLoadSubsystemAndSetDefault: Loaded subsystem for module [NULL]
LogInit: Build: ++UE4+Release-4.24-CL-11590370
LogInit: Engine Version: 4.24.3-11590370+++UE4+Release-4.24
LogInit: Compatible Engine Version: 4.24.0-10570792+++UE4+Release-4.24
LogInit: Net CL: 10570792
LogInit: OS: Windows 10 (Release 1903) (), CPU: AMD Ryzen 5 1600 Six-Core Processor            , GPU: NVIDIA GeForce GTX 1060 6GB
LogInit: Compiled (64-bit): Feb 24 2020 15:39:18
LogInit: Compiled with Visual C++: 19.16.27032.01
LogInit: Build Configuration: Development
LogInit: Branch Name: ++UE4+Release-4.24
LogInit: Command Line:  -EpicPortal -epicusername="Phantom sloth" -epicuserid=894ac2cfc8f44d66a8dfd95395b90b14 -epiclocale=en
LogInit: Base Directory: Z:/Unreal-Games/UE_4.24/Engine/Binaries/Win64/
LogInit: Installed Engine Build: 1
LogDevObjectVersion: Number of dev versions registered: 25
LogDevObjectVersion:   Dev-Blueprints (B0D832E4-1F89-4F0D-ACCF-7EB736FD4AA2): 10
LogDevObjectVersion:   Dev-Build (E1C64328-A22C-4D53-A36C-8E866417BD8C): 0
LogDevObjectVersion:   Dev-Core (375EC13C-06E4-48FB-B500-84F0262A717E): 3
LogDevObjectVersion:   Dev-Editor (E4B068ED-F494-42E9-A231-DA0B2E46BB41): 37
LogDevObjectVersion:   Dev-Framework (CFFC743F-43B0-4480-9391-14DF171D2073): 36
LogDevObjectVersion:   Dev-Mobile (B02B49B5-BB20-44E9-A304-32B752E40360): 2
LogDevObjectVersion:   Dev-Networking (A4E4105C-59A1-49B5-A7C5-40C4547EDFEE): 0
LogDevObjectVersion:   Dev-Online (39C831C9-5AE6-47DC-9A44-9C173E1C8E7C): 0
LogDevObjectVersion:   Dev-Physics (78F01B33-EBEA-4F98-B9B4-84EACCB95AA2): 2
LogDevObjectVersion:   Dev-Platform (6631380F-2D4D-43E0-8009-CF276956A95A): 0
LogDevObjectVersion:   Dev-Rendering (12F88B9F-8875-4AFC-A67C-D90C383ABD29): 36
LogDevObjectVersion:   Dev-Sequencer (7B5AE74C-D270-4C10-A958-57980B212A5A): 11
LogDevObjectVersion:   Dev-VR (D7296918-1DD6-4BDD-9DE2-64A83CC13884): 2
LogDevObjectVersion:   Dev-LoadTimes (C2A15278-BFE7-4AFE-6C17-90FF531DF755): 1
LogDevObjectVersion:   Private-Geometry (6EACA3D4-40EC-4CC1-B786-8BED09428FC5): 3
LogDevObjectVersion:   Dev-AnimPhys (29E575DD-E0A3-4627-9D10-D276232CDCEA): 17
LogDevObjectVersion:   Dev-Anim (AF43A65D-7FD3-4947-9873-3E8ED9C1BB05): 2
LogDevObjectVersion:   Dev-ReflectionCapture (6B266CEC-1EC7-4B8F-A30B-E4D90942FC07): 1
LogDevObjectVersion:   Dev-Automation (0DF73D61-A23F-47EA-B727-89E90C41499A): 1
LogDevObjectVersion:   FortniteMain (601D1886-AC64-4F84-AA16-D3DE0DEAC7D6): 31
LogDevObjectVersion:   Dev-Enterprise (9DFFBCD6-494F-0158-E221-12823C92A888): 8
LogDevObjectVersion:   Dev-Niagara (F2AED0AC-9AFE-416F-8664-AA7FFA26D6FC): 1
LogDevObjectVersion:   Dev-Destruction (174F1F0B-B4C6-45A5-B13F-2EE8D0FB917D): 9
LogDevObjectVersion:   Dev-Physics-Ext (35F94A83-E258-406C-A318-09F59610247C): 8
LogDevObjectVersion:   Dev-CineCamera (B2E18506-4273-CFC2-A54E-F4BB758BBA07): 1
LogInit: Presizing for max 25165824 objects, including 0 objects not considered by GC, pre-allocating 0 bytes for permanent pool.
LogInit: Object subsystem initialized
LogConfig: Setting CVar [[con.DebugEarlyDefault:1]]
LogConfig: Setting CVar [[r.setres:1280x720]]
[2020.06.13-03.25.41:696][  0]LogConfig: Setting CVar [[r.VSync:0]]
[2020.06.13-03.25.41:696][  0]LogConfig: Setting CVar [[r.RHICmdBypass:0]]
[2020.06.13-03.25.41:696][  0]LogConfig: Applying CVar settings from Section [/Script/Engine.RendererSettings] File [Z:/GAME DESIGN/WeeklygameJam150/Arise/Saved/Config/Windows/Engine.ini]
[2020.06.13-03.25.41:696][  0]LogConfig: Setting CVar [[r.GPUCrashDebugging:0]]
[2020.06.13-03.25.41:696][  0]LogConfig: Applying CVar settings from Section [/Script/Engine.RendererOverrideSettings] File [Z:/GAME DESIGN/WeeklygameJam150/Arise/Saved/Config/Windows/Engine.ini]
[2020.06.13-03.25.41:696][  0]LogConfig: Applying CVar settings from Section [/Script/Engine.StreamingSettings] File [Z:/GAME DESIGN/WeeklygameJam150/Arise/Saved/Config/Windows/Engine.ini]
[2020.06.13-03.25.41:696][  0]LogConfig: Setting CVar [[s.MinBulkDataSizeForAsyncLoading:131072]]
[2020.06.13-03.25.41:697][  0]LogConfig: Setting CVar [[s.AsyncLoadingThreadEnabled:0]]
[2020.06.13-03.25.41:697][  0]LogConfig: Setting CVar [[s.EventDrivenLoaderEnabled:1]]
[2020.06.13-03.25.41:697][  0]LogConfig: Setting CVar [[s.WarnIfTimeLimitExceeded:0]]
[2020.06.13-03.25.41:697][  0]LogConfig: Setting CVar [[s.TimeLimitExceededMultiplier:1.5]]
[2020.06.13-03.25.41:697][  0]LogConfig: Setting CVar [[s.TimeLimitExceededMinTime:0.005]]
[2020.06.13-03.25.41:697][  0]LogConfig: Setting CVar [[s.UseBackgroundLevelStreaming:1]]
[2020.06.13-03.25.41:697][  0]LogConfig: Setting CVar [[s.PriorityAsyncLoadingExtraTime:15.0]]
[2020.06.13-03.25.41:697][  0]LogConfig: Setting CVar [[s.LevelStreamingActorsUpdateTimeLimit:5.0]]
[2020.06.13-03.25.41:697][  0]LogConfig: Setting CVar [[s.PriorityLevelStreamingActorsUpdateExtraTime:5.0]]
[2020.06.13-03.25.41:697][  0]LogConfig: Setting CVar [[s.LevelStreamingComponentsRegistrationGranularity:10]]
[2020.06.13-03.25.41:697][  0]LogConfig: Setting CVar [[s.UnregisterComponentsTimeLimit:1.0]]
[2020.06.13-03.25.41:697][  0]LogConfig: Setting CVar [[s.LevelStreamingComponentsUnregistrationGranularity:5]]
[2020.06.13-03.25.41:697][  0]LogConfig: Setting CVar [[s.FlushStreamingOnExit:1]]
[2020.06.13-03.25.41:697][  0]LogConfig: Applying CVar settings from Section [/Script/Engine.GarbageCollectionSettings] File [Z:/GAME DESIGN/WeeklygameJam150/Arise/Saved/Config/Windows/Engine.ini]
[2020.06.13-03.25.41:697][  0]LogConfig: Setting CVar [[gc.MaxObjectsNotConsideredByGC:1]]
[2020.06.13-03.25.41:697][  0]LogConfig: Setting CVar [[gc.SizeOfPermanentObjectPool:0]]
[2020.06.13-03.25.41:697][  0]LogConfig: Setting CVar [[gc.FlushStreamingOnGC:0]]
[2020.06.13-03.25.41:697][  0]LogConfig: Setting CVar [[gc.NumRetriesBeforeForcingGC:10]]
[2020.06.13-03.25.41:697][  0]LogConfig: Setting CVar [[gc.AllowParallelGC:1]]
[2020.06.13-03.25.41:697][  0]LogConfig: Setting CVar [[gc.TimeBetweenPurgingPendingKillObjects:61.1]]
[2020.06.13-03.25.41:697][  0]LogConfig: Setting CVar [[gc.MaxObjectsInEditor:25165824]]
[2020.06.13-03.25.41:697][  0]LogConfig: Setting CVar [[gc.IncrementalBeginDestroyEnabled:1]]
[2020.06.13-03.25.41:697][  0]LogConfig: Setting CVar [[gc.CreateGCClusters:1]]
[2020.06.13-03.25.41:697][  0]LogConfig: Setting CVar [[gc.MinGCClusterSize:5]]
[2020.06.13-03.25.41:697][  0]LogConfig: Setting CVar [[gc.ActorClusteringEnabled:0]]
[2020.06.13-03.25.41:697][  0]LogConfig: Setting CVar [[gc.BlueprintClusteringEnabled:0]]
[2020.06.13-03.25.41:697][  0]LogConfig: Setting CVar [[gc.UseDisregardForGCOnDedicatedServers:0]]
[2020.06.13-03.25.41:697][  0]LogConfig: Applying CVar settings from Section [/Script/Engine.NetworkSettings] File [Z:/GAME DESIGN/WeeklygameJam150/Arise/Saved/Config/Windows/Engine.ini]
[2020.06.13-03.25.41:697][  0]LogConfig: Applying CVar settings from Section [/Script/UnrealEd.CookerSettings] File [Z:/GAME DESIGN/WeeklygameJam150/Arise/Saved/Config/Windows/Engine.ini]
[2020.06.13-03.25.41:703][  0]LogConfig: Applying CVar settings from Section [ViewDistanceQuality@3] File [Z:/GAME DESIGN/WeeklygameJam150/Arise/Saved/Config/Windows/Scalability.ini]
[2020.06.13-03.25.41:703][  0]LogConfig: Setting CVar [[r.SkeletalMeshLODBias:0]]
[2020.06.13-03.25.41:703][  0]LogConfig: Setting CVar [[r.ViewDistanceScale:1.0]]
[2020.06.13-03.25.41:703][  0]LogConfig: Applying CVar settings from Section [AntiAliasingQuality@3] File [Z:/GAME DESIGN/WeeklygameJam150/Arise/Saved/Config/Windows/Scalability.ini]
[2020.06.13-03.25.41:703][  0]LogConfig: Setting CVar [[r.PostProcessAAQuality:4]]
[2020.06.13-03.25.41:703][  0]LogConfig: Applying CVar settings from Section [ShadowQuality@3] File [Z:/GAME DESIGN/WeeklygameJam150/Arise/Saved/Config/Windows/Scalability.ini]
[2020.06.13-03.25.41:703][  0]LogConfig: Setting CVar [[r.LightFunctionQuality:1]]
[2020.06.13-03.25.41:703][  0]LogConfig: Setting CVar [[r.ShadowQuality:5]]
[2020.06.13-03.25.41:703][  0]LogConfig: Setting CVar [[r.Shadow.CSM.MaxCascades:10]]
[2020.06.13-03.25.41:704][  0]LogConfig: Setting CVar [[r.Shadow.MaxResolution:2048]]
[2020.06.13-03.25.41:704][  0]LogConfig: Setting CVar [[r.Shadow.MaxCSMResolution:2048]]
[2020.06.13-03.25.41:704][  0]LogConfig: Setting CVar [[r.Shadow.RadiusThreshold:0.01]]
[2020.06.13-03.25.41:704][  0]LogConfig: Setting CVar [[r.Shadow.DistanceScale:1.0]]
[2020.06.13-03.25.41:704][  0]LogConfig: Setting CVar [[r.Shadow.CSM.TransitionScale:1.0]]
[2020.06.13-03.25.41:704][  0]LogConfig: Setting CVar [[r.Shadow.PreShadowResolutionFactor:1.0]]
[2020.06.13-03.25.41:704][  0]LogConfig: Setting CVar [[r.DistanceFieldShadowing:1]]
[2020.06.13-03.25.41:704][  0]LogConfig: Setting CVar [[r.DistanceFieldAO:1]]
[2020.06.13-03.25.41:704][  0]LogConfig: Setting CVar [[r.AOQuality:2]]
[2020.06.13-03.25.41:704][  0]LogConfig: Setting CVar [[r.VolumetricFog:1]]
[2020.06.13-03.25.41:704][  0]LogConfig: Setting CVar [[r.VolumetricFog.GridPixelSize:8]]
[2020.06.13-03.25.41:704][  0]LogConfig: Setting CVar [[r.VolumetricFog.GridSizeZ:128]]
[2020.06.13-03.25.41:704][  0]LogConfig: Setting CVar [[r.VolumetricFog.HistoryMissSupersampleCount:4]]
[2020.06.13-03.25.41:704][  0]LogConfig: Setting CVar [[r.LightMaxDrawDistanceScale:1]]
[2020.06.13-03.25.41:704][  0]LogConfig: Setting CVar [[r.CapsuleShadows:1]]
[2020.06.13-03.25.41:704][  0]LogConfig: Applying CVar settings from Section [PostProcessQuality@3] File [Z:/GAME DESIGN/WeeklygameJam150/Arise/Saved/Config/Windows/Scalability.ini]
[2020.06.13-03.25.41:704][  0]LogConfig: Setting CVar [[r.MotionBlurQuality:4]]
[2020.06.13-03.25.41:704][  0]LogConfig: Setting CVar [[r.AmbientOcclusionMipLevelFactor:0.4]]
[2020.06.13-03.25.41:704][  0]LogConfig: Setting CVar [[r.AmbientOcclusionMaxQuality:100]]
[2020.06.13-03.25.41:704][  0]LogConfig: Setting CVar [[r.AmbientOcclusionLevels:-1]]
[2020.06.13-03.25.41:704][  0]LogConfig: Setting CVar [[r.AmbientOcclusionRadiusScale:1.0]]
[2020.06.13-03.25.41:704][  0]LogConfig: Setting CVar [[r.DepthOfFieldQuality:2]]
[2020.06.13-03.25.41:704][  0]LogConfig: Setting CVar [[r.RenderTargetPoolMin:400]]
[2020.06.13-03.25.41:704][  0]LogConfig: Setting CVar [[r.LensFlareQuality:2]]
[2020.06.13-03.25.41:704][  0]LogConfig: Setting CVar [[r.SceneColorFringeQuality:1]]
[2020.06.13-03.25.41:704][  0]LogConfig: Setting CVar [[r.EyeAdaptationQuality:2]]
[2020.06.13-03.25.41:704][  0]LogConfig: Setting CVar [[r.BloomQuality:5]]
[2020.06.13-03.25.41:704][  0]LogConfig: Setting CVar [[r.FastBlurThreshold:100]]
[2020.06.13-03.25.41:704][  0]LogConfig: Setting CVar [[r.Upscale.Quality:3]]
[2020.06.13-03.25.41:704][  0]LogConfig: Setting CVar [[r.Tonemapper.GrainQuantization:1]]
[2020.06.13-03.25.41:704][  0]LogConfig: Setting CVar [[r.LightShaftQuality:1]]
[2020.06.13-03.25.41:704][  0]LogConfig: Setting CVar [[r.Filter.SizeScale:1]]
[2020.06.13-03.25.41:704][  0]LogConfig: Setting CVar [[r.Tonemapper.Quality:5]]
[2020.06.13-03.25.41:704][  0]LogConfig: Setting CVar [[r.DOF.Gather.AccumulatorQuality:1        ; higher gathering accumulator quality]]
[2020.06.13-03.25.41:704][  0]LogConfig: Setting CVar [[r.DOF.Gather.PostfilterMethod:1          ; Median3x3 postfilering method]]
[2020.06.13-03.25.41:704][  0]LogConfig: Setting CVar [[r.DOF.Gather.EnableBokehSettings:0       ; no bokeh simulation when gathering]]
[2020.06.13-03.25.41:704][  0]LogConfig: Setting CVar [[r.DOF.Gather.RingCount:4                 ; medium number of samples when gathering]]
[2020.06.13-03.25.41:704][  0]LogConfig: Setting CVar [[r.DOF.Scatter.ForegroundCompositing:1    ; additive foreground scattering]]
[2020.06.13-03.25.41:704][  0]LogConfig: Setting CVar [[r.DOF.Scatter.BackgroundCompositing:2    ; additive background scattering]]
[2020.06.13-03.25.41:705][  0]LogConfig: Setting CVar [[r.DOF.Scatter.EnableBokehSettings:1      ; bokeh simulation when scattering]]
[2020.06.13-03.25.41:705][  0]LogConfig: Setting CVar [[r.DOF.Scatter.MaxSpriteRatio:0.1         ; only a maximum of 10% of scattered bokeh]]
[2020.06.13-03.25.41:705][  0]LogConfig: Setting CVar [[r.DOF.Recombine.Quality:1                ; cheap slight out of focus]]
[2020.06.13-03.25.41:705][  0]LogConfig: Setting CVar [[r.DOF.Recombine.EnableBokehSettings:0    ; no bokeh simulation on slight out of focus]]
[2020.06.13-03.25.41:705][  0]LogConfig: Setting CVar [[r.DOF.TemporalAAQuality:1                ; more stable temporal accumulation]]
[2020.06.13-03.25.41:705][  0]LogConfig: Setting CVar [[r.DOF.Kernel.MaxForegroundRadius:0.025]]
[2020.06.13-03.25.41:705][  0]LogConfig: Setting CVar [[r.DOF.Kernel.MaxBackgroundRadius:0.025]]
[2020.06.13-03.25.41:705][  0]LogConfig: Applying CVar settings from Section [TextureQuality@3] File [Z:/GAME DESIGN/WeeklygameJam150/Arise/Saved/Config/Windows/Scalability.ini]
[2020.06.13-03.25.41:705][  0]LogConfig: Setting CVar [[r.Streaming.MipBias:0]]
[2020.06.13-03.25.41:705][  0]LogConfig: Setting CVar [[r.Streaming.AmortizeCPUToGPUCopy:0]]
[2020.06.13-03.25.41:705][  0]LogConfig: Setting CVar [[r.Streaming.MaxNumTexturesToStreamPerFrame:0]]
[2020.06.13-03.25.41:705][  0]LogConfig: Setting CVar [[r.Streaming.Boost:1]]
[2020.06.13-03.25.41:705][  0]LogConfig: Setting CVar [[r.MaxAnisotropy:8]]
[2020.06.13-03.25.41:705][  0]LogConfig: Setting CVar [[r.VT.MaxAnisotropy:8]]
[2020.06.13-03.25.41:705][  0]LogConfig: Setting CVar [[r.Streaming.LimitPoolSizeToVRAM:0]]
[2020.06.13-03.25.41:705][  0]LogConfig: Setting CVar [[r.Streaming.PoolSize:1000]]
[2020.06.13-03.25.41:705][  0]LogConfig: Setting CVar [[r.Streaming.MaxEffectiveScreenSize:0]]
[2020.06.13-03.25.41:705][  0]LogConfig: Applying CVar settings from Section [EffectsQuality@3] File [Z:/GAME DESIGN/WeeklygameJam150/Arise/Saved/Config/Windows/Scalability.ini]
[2020.06.13-03.25.41:705][  0]LogConfig: Setting CVar [[r.TranslucencyLightingVolumeDim:64]]
[2020.06.13-03.25.41:705][  0]LogConfig: Setting CVar [[r.RefractionQuality:2]]
[2020.06.13-03.25.41:705][  0]LogConfig: Setting CVar [[r.SSR.Quality:3]]
[2020.06.13-03.25.41:705][  0]LogConfig: Setting CVar [[r.SSR.HalfResSceneColor:0]]
[2020.06.13-03.25.41:705][  0]LogConfig: Setting CVar [[r.SceneColorFormat:4]]
[2020.06.13-03.25.41:705][  0]LogConfig: Setting CVar [[r.DetailMode:2]]
[2020.06.13-03.25.41:705][  0]LogConfig: Setting CVar [[r.TranslucencyVolumeBlur:1]]
[2020.06.13-03.25.41:705][  0]LogConfig: Setting CVar [[r.MaterialQualityLevel:1 ; High quality]]
[2020.06.13-03.25.41:705][  0]LogConfig: Setting CVar [[r.SSS.Scale:1]]
[2020.06.13-03.25.41:705][  0]LogConfig: Setting CVar [[r.SSS.SampleSet:2]]
[2020.06.13-03.25.41:705][  0]LogConfig: Setting CVar [[r.SSS.Quality:1]]
[2020.06.13-03.25.41:705][  0]LogConfig: Setting CVar [[r.SSS.HalfRes:1]]
[2020.06.13-03.25.41:705][  0]LogConfig: Setting CVar [[r.SSGI.Quality:3]]
[2020.06.13-03.25.41:705][  0]LogConfig: Setting CVar [[r.EmitterSpawnRateScale:1.0]]
[2020.06.13-03.25.41:705][  0]LogConfig: Setting CVar [[r.ParticleLightQuality:2]]
[2020.06.13-03.25.41:705][  0]LogConfig: Setting CVar [[r.SkyAtmosphere.AerialPerspectiveLUT.FastApplyOnOpaque:1 ; Always have FastSkyLUT 1 in this case to avoid wrong sky]]
[2020.06.13-03.25.41:705][  0]LogConfig: Setting CVar [[r.SkyAtmosphere.AerialPerspectiveLUT.SampleCountPerSlice:1]]
[2020.06.13-03.25.41:705][  0]LogConfig: Setting CVar [[r.SkyAtmosphere.AerialPerspectiveLUT.DepthResolution:16.0]]
[2020.06.13-03.25.41:705][  0]LogConfig: Setting CVar [[r.SkyAtmosphere.FastSkyLUT:1]]
[2020.06.13-03.25.41:705][  0]LogConfig: Setting CVar [[r.SkyAtmosphere.FastSkyLUT.SampleCountMin:4.0]]
[2020.06.13-03.25.41:705][  0]LogConfig: Setting CVar [[r.SkyAtmosphere.FastSkyLUT.SampleCountMax:32.0]]
[2020.06.13-03.25.41:706][  0]LogConfig: Setting CVar [[r.SkyAtmosphere.SampleCountMin:4.0]]
[2020.06.13-03.25.41:706][  0]LogConfig: Setting CVar [[r.SkyAtmosphere.SampleCountMax:32.0]]
[2020.06.13-03.25.41:706][  0]LogConfig: Setting CVar [[r.SkyAtmosphere.TransmittanceLUT.UseSmallFormat:0]]
[2020.06.13-03.25.41:706][  0]LogConfig: Setting CVar [[r.SkyAtmosphere.TransmittanceLUT.SampleCount:10.0]]
[2020.06.13-03.25.41:706][  0]LogConfig: Setting CVar [[r.SkyAtmosphere.MultiScatteringLUT.SampleCount:15.0]]
[2020.06.13-03.25.41:706][  0]LogConfig: Applying CVar settings from Section [FoliageQuality@3] File [Z:/GAME DESIGN/WeeklygameJam150/Arise/Saved/Config/Windows/Scalability.ini]
[2020.06.13-03.25.41:706][  0]LogConfig: Setting CVar [[foliage.DensityScale:1.0]]
[2020.06.13-03.25.41:706][  0]LogConfig: Setting CVar [[grass.DensityScale:1.0]]
[2020.06.13-03.25.41:706][  0]LogConfig: Applying CVar settings from Section [ShadingQuality@3] File [Z:/GAME DESIGN/WeeklygameJam150/Arise/Saved/Config/Windows/Scalability.ini]
[2020.06.13-03.25.41:706][  0]LogConfig: Setting CVar [[r.HairStrands.SkyLighting.SampleCount:16]]
[2020.06.13-03.25.41:706][  0]LogConfig: Setting CVar [[r.HairStrands.SkyLighting.JitterIntegration:0]]
[2020.06.13-03.25.41:706][  0]LogConfig: Setting CVar [[r.HairStrands.SkyAO.SampleCount:16]]
[2020.06.13-03.25.41:706][  0]LogInit: Selected Device Profile: [Windows]
[2020.06.13-03.25.41:706][  0]LogInit: Applying CVar settings loaded from the selected device profile: [Windows]
[2020.06.13-03.25.41:709][  0]LogHAL: Display: Platform has ~ 16 GB [17130201088 / 17179869184 / 16], which maps to Larger [LargestMinGB=32, LargerMinGB=12, DefaultMinGB=8, SmallerMinGB=6, SmallestMinGB=0)
[2020.06.13-03.25.41:709][  0]LogInit: Going up to parent DeviceProfile []
[2020.06.13-03.25.41:709][  0]LogConfig: Applying CVar settings from Section [ViewDistanceQuality@3] File [Z:/GAME DESIGN/WeeklygameJam150/Arise/Saved/Config/Windows/Scalability.ini]
[2020.06.13-03.25.41:709][  0]LogConfig: Setting CVar [[r.SkeletalMeshLODBias:0]]
[2020.06.13-03.25.41:709][  0]LogConfig: Setting CVar [[r.ViewDistanceScale:1.0]]
[2020.06.13-03.25.41:709][  0]LogConfig: Applying CVar settings from Section [AntiAliasingQuality@3] File [Z:/GAME DESIGN/WeeklygameJam150/Arise/Saved/Config/Windows/Scalability.ini]
[2020.06.13-03.25.41:709][  0]LogConfig: Setting CVar [[r.PostProcessAAQuality:4]]
[2020.06.13-03.25.41:709][  0]LogConfig: Applying CVar settings from Section [ShadowQuality@3] File [Z:/GAME DESIGN/WeeklygameJam150/Arise/Saved/Config/Windows/Scalability.ini]
[2020.06.13-03.25.41:709][  0]LogConfig: Setting CVar [[r.LightFunctionQuality:1]]
[2020.06.13-03.25.41:709][  0]LogConfig: Setting CVar [[r.ShadowQuality:5]]
[2020.06.13-03.25.41:709][  0]LogConfig: Setting CVar [[r.Shadow.CSM.MaxCascades:10]]
[2020.06.13-03.25.41:709][  0]LogConfig: Setting CVar [[r.Shadow.MaxResolution:2048]]
[2020.06.13-03.25.41:709][  0]LogConfig: Setting CVar [[r.Shadow.MaxCSMResolution:2048]]
[2020.06.13-03.25.41:709][  0]LogConfig: Setting CVar [[r.Shadow.RadiusThreshold:0.01]]
[2020.06.13-03.25.41:709][  0]LogConfig: Setting CVar [[r.Shadow.DistanceScale:1.0]]
[2020.06.13-03.25.41:709][  0]LogConfig: Setting CVar [[r.Shadow.CSM.TransitionScale:1.0]]
[2020.06.13-03.25.41:709][  0]LogConfig: Setting CVar [[r.Shadow.PreShadowResolutionFactor:1.0]]
[2020.06.13-03.25.41:709][  0]LogConfig: Setting CVar [[r.DistanceFieldShadowing:1]]
[2020.06.13-03.25.41:709][  0]LogConfig: Setting CVar [[r.DistanceFieldAO:1]]
[2020.06.13-03.25.41:709][  0]LogConfig: Setting CVar [[r.AOQuality:2]]
[2020.06.13-03.25.41:710][  0]LogConfig: Setting CVar [[r.VolumetricFog:1]]
[2020.06.13-03.25.41:710][  0]LogConfig: Setting CVar [[r.VolumetricFog.GridPixelSize:8]]
[2020.06.13-03.25.41:710][  0]LogConfig: Setting CVar [[r.VolumetricFog.GridSizeZ:128]]
[2020.06.13-03.25.41:710][  0]LogConfig: Setting CVar [[r.VolumetricFog.HistoryMissSupersampleCount:4]]
[2020.06.13-03.25.41:710][  0]LogConfig: Setting CVar [[r.LightMaxDrawDistanceScale:1]]
[2020.06.13-03.25.41:710][  0]LogConfig: Setting CVar [[r.CapsuleShadows:1]]
[2020.06.13-03.25.41:710][  0]LogConfig: Applying CVar settings from Section [PostProcessQuality@3] File [Z:/GAME DESIGN/WeeklygameJam150/Arise/Saved/Config/Windows/Scalability.ini]
[2020.06.13-03.25.41:710][  0]LogConfig: Setting CVar [[r.MotionBlurQuality:4]]
[2020.06.13-03.25.41:710][  0]LogConfig: Setting CVar [[r.AmbientOcclusionMipLevelFactor:0.4]]
[2020.06.13-03.25.41:710][  0]LogConfig: Setting CVar [[r.AmbientOcclusionMaxQuality:100]]
[2020.06.13-03.25.41:710][  0]LogConfig: Setting CVar [[r.AmbientOcclusionLevels:-1]]
[2020.06.13-03.25.41:710][  0]LogConfig: Setting CVar [[r.AmbientOcclusionRadiusScale:1.0]]
[2020.06.13-03.25.41:710][  0]LogConfig: Setting CVar [[r.DepthOfFieldQuality:2]]
[2020.06.13-03.25.41:710][  0]LogConfig: Setting CVar [[r.RenderTargetPoolMin:400]]
[2020.06.13-03.25.41:710][  0]LogConfig: Setting CVar [[r.LensFlareQuality:2]]
[2020.06.13-03.25.41:710][  0]LogConfig: Setting CVar [[r.SceneColorFringeQuality:1]]
[2020.06.13-03.25.41:710][  0]LogConfig: Setting CVar [[r.EyeAdaptationQuality:2]]
[2020.06.13-03.25.41:710][  0]LogConfig: Setting CVar [[r.BloomQuality:5]]
[2020.06.13-03.25.41:710][  0]LogConfig: Setting CVar [[r.FastBlurThreshold:100]]
[2020.06.13-03.25.41:710][  0]LogConfig: Setting CVar [[r.Upscale.Quality:3]]
[2020.06.13-03.25.41:710][  0]LogConfig: Setting CVar [[r.Tonemapper.GrainQuantization:1]]
[2020.06.13-03.25.41:710][  0]LogConfig: Setting CVar [[r.LightShaftQuality:1]]
[2020.06.13-03.25.41:710][  0]LogConfig: Setting CVar [[r.Filter.SizeScale:1]]
[2020.06.13-03.25.41:710][  0]LogConfig: Setting CVar [[r.Tonemapper.Quality:5]]
[2020.06.13-03.25.41:710][  0]LogConfig: Setting CVar [[r.DOF.Gather.AccumulatorQuality:1        ; higher gathering accumulator quality]]
[2020.06.13-03.25.41:710][  0]LogConfig: Setting CVar [[r.DOF.Gather.PostfilterMethod:1          ; Median3x3 postfilering method]]
[2020.06.13-03.25.41:710][  0]LogConfig: Setting CVar [[r.DOF.Gather.EnableBokehSettings:0       ; no bokeh simulation when gathering]]
[2020.06.13-03.25.41:710][  0]LogConfig: Setting CVar [[r.DOF.Gather.RingCount:4                 ; medium number of samples when gathering]]
[2020.06.13-03.25.41:710][  0]LogConfig: Setting CVar [[r.DOF.Scatter.ForegroundCompositing:1    ; additive foreground scattering]]
[2020.06.13-03.25.41:710][  0]LogConfig: Setting CVar [[r.DOF.Scatter.BackgroundCompositing:2    ; additive background scattering]]
[2020.06.13-03.25.41:710][  0]LogConfig: Setting CVar [[r.DOF.Scatter.EnableBokehSettings:1      ; bokeh simulation when scattering]]
[2020.06.13-03.25.41:710][  0]LogConfig: Setting CVar [[r.DOF.Scatter.MaxSpriteRatio:0.1         ; only a maximum of 10% of scattered bokeh]]
[2020.06.13-03.25.41:710][  0]LogConfig: Setting CVar [[r.DOF.Recombine.Quality:1                ; cheap slight out of focus]]
[2020.06.13-03.25.41:710][  0]LogConfig: Setting CVar [[r.DOF.Recombine.EnableBokehSettings:0    ; no bokeh simulation on slight out of focus]]
[2020.06.13-03.25.41:710][  0]LogConfig: Setting CVar [[r.DOF.TemporalAAQuality:1                ; more stable temporal accumulation]]
[2020.06.13-03.25.41:710][  0]LogConfig: Setting CVar [[r.DOF.Kernel.MaxForegroundRadius:0.025]]
[2020.06.13-03.25.41:710][  0]LogConfig: Setting CVar [[r.DOF.Kernel.MaxBackgroundRadius:0.025]]
[2020.06.13-03.25.41:711][  0]LogConfig: Applying CVar settings from Section [TextureQuality@3] File [Z:/GAME DESIGN/WeeklygameJam150/Arise/Saved/Config/Windows/Scalability.ini]
[2020.06.13-03.25.41:711][  0]LogConfig: Setting CVar [[r.Streaming.MipBias:0]]
[2020.06.13-03.25.41:711][  0]LogConfig: Setting CVar [[r.Streaming.AmortizeCPUToGPUCopy:0]]
[2020.06.13-03.25.41:711][  0]LogConfig: Setting CVar [[r.Streaming.MaxNumTexturesToStreamPerFrame:0]]
[2020.06.13-03.25.41:711][  0]LogConfig: Setting CVar [[r.Streaming.Boost:1]]
[2020.06.13-03.25.41:711][  0]LogConfig: Setting CVar [[r.MaxAnisotropy:8]]
[2020.06.13-03.25.41:711][  0]LogConfig: Setting CVar [[r.VT.MaxAnisotropy:8]]
[2020.06.13-03.25.41:711][  0]LogConfig: Setting CVar [[r.Streaming.LimitPoolSizeToVRAM:0]]
[2020.06.13-03.25.41:711][  0]LogConfig: Setting CVar [[r.Streaming.PoolSize:1000]]
[2020.06.13-03.25.41:711][  0]LogConfig: Setting CVar [[r.Streaming.MaxEffectiveScreenSize:0]]
[2020.06.13-03.25.41:711][  0]LogConfig: Applying CVar settings from Section [EffectsQuality@3] File [Z:/GAME DESIGN/WeeklygameJam150/Arise/Saved/Config/Windows/Scalability.ini]
[2020.06.13-03.25.41:711][  0]LogConfig: Setting CVar [[r.TranslucencyLightingVolumeDim:64]]
[2020.06.13-03.25.41:711][  0]LogConfig: Setting CVar [[r.RefractionQuality:2]]
[2020.06.13-03.25.41:711][  0]LogConfig: Setting CVar [[r.SSR.Quality:3]]
[2020.06.13-03.25.41:711][  0]LogConfig: Setting CVar [[r.SSR.HalfResSceneColor:0]]
[2020.06.13-03.25.41:711][  0]LogConfig: Setting CVar [[r.SceneColorFormat:4]]
[2020.06.13-03.25.41:711][  0]LogConfig: Setting CVar [[r.DetailMode:2]]
[2020.06.13-03.25.41:711][  0]LogConfig: Setting CVar [[r.TranslucencyVolumeBlur:1]]
[2020.06.13-03.25.41:711][  0]LogConfig: Setting CVar [[r.MaterialQualityLevel:1 ; High quality]]
[2020.06.13-03.25.41:711][  0]LogConfig: Setting CVar [[r.SSS.Scale:1]]
[2020.06.13-03.25.41:711][  0]LogConfig: Setting CVar [[r.SSS.SampleSet:2]]
[2020.06.13-03.25.41:711][  0]LogConfig: Setting CVar [[r.SSS.Quality:1]]
[2020.06.13-03.25.41:711][  0]LogConfig: Setting CVar [[r.SSS.HalfRes:1]]
[2020.06.13-03.25.41:711][  0]LogConfig: Setting CVar [[r.SSGI.Quality:3]]
[2020.06.13-03.25.41:711][  0]LogConfig: Setting CVar [[r.EmitterSpawnRateScale:1.0]]
[2020.06.13-03.25.41:711][  0]LogConfig: Setting CVar [[r.ParticleLightQuality:2]]
[2020.06.13-03.25.41:711][  0]LogConfig: Setting CVar [[r.SkyAtmosphere.AerialPerspectiveLUT.FastApplyOnOpaque:1 ; Always have FastSkyLUT 1 in this case to avoid wrong sky]]
[2020.06.13-03.25.41:711][  0]LogConfig: Setting CVar [[r.SkyAtmosphere.AerialPerspectiveLUT.SampleCountPerSlice:1]]
[2020.06.13-03.25.41:711][  0]LogConfig: Setting CVar [[r.SkyAtmosphere.AerialPerspectiveLUT.DepthResolution:16.0]]
[2020.06.13-03.25.41:711][  0]LogConfig: Setting CVar [[r.SkyAtmosphere.FastSkyLUT:1]]
[2020.06.13-03.25.41:711][  0]LogConfig: Setting CVar [[r.SkyAtmosphere.FastSkyLUT.SampleCountMin:4.0]]
[2020.06.13-03.25.41:711][  0]LogConfig: Setting CVar [[r.SkyAtmosphere.FastSkyLUT.SampleCountMax:32.0]]
[2020.06.13-03.25.41:711][  0]LogConfig: Setting CVar [[r.SkyAtmosphere.SampleCountMin:4.0]]
[2020.06.13-03.25.41:711][  0]LogConfig: Setting CVar [[r.SkyAtmosphere.SampleCountMax:32.0]]
[2020.06.13-03.25.41:711][  0]LogConfig: Setting CVar [[r.SkyAtmosphere.TransmittanceLUT.UseSmallFormat:0]]
[2020.06.13-03.25.41:711][  0]LogConfig: Setting CVar [[r.SkyAtmosphere.TransmittanceLUT.SampleCount:10.0]]
[2020.06.13-03.25.41:711][  0]LogConfig: Setting CVar [[r.SkyAtmosphere.MultiScatteringLUT.SampleCount:15.0]]
[2020.06.13-03.25.41:711][  0]LogConfig: Applying CVar settings from Section [FoliageQuality@3] File [Z:/GAME DESIGN/WeeklygameJam150/Arise/Saved/Config/Windows/Scalability.ini]
[2020.06.13-03.25.41:712][  0]LogConfig: Setting CVar [[foliage.DensityScale:1.0]]
[2020.06.13-03.25.41:712][  0]LogConfig: Setting CVar [[grass.DensityScale:1.0]]
[2020.06.13-03.25.41:712][  0]LogConfig: Applying CVar settings from Section [ShadingQuality@3] File [Z:/GAME DESIGN/WeeklygameJam150/Arise/Saved/Config/Windows/Scalability.ini]
[2020.06.13-03.25.41:712][  0]LogConfig: Setting CVar [[r.HairStrands.SkyLighting.SampleCount:16]]
[2020.06.13-03.25.41:712][  0]LogConfig: Setting CVar [[r.HairStrands.SkyLighting.JitterIntegration:0]]
[2020.06.13-03.25.41:712][  0]LogConfig: Setting CVar [[r.HairStrands.SkyAO.SampleCount:16]]
[2020.06.13-03.25.41:712][  0]LogConfig: Applying CVar settings from Section [Startup] File [../../../Engine/Config/ConsoleVariables.ini]
[2020.06.13-03.25.41:712][  0]LogConfig: Setting CVar [[net.UseAdaptiveNetUpdateFrequency:0]]
[2020.06.13-03.25.41:712][  0]LogConfig: Setting CVar [[p.chaos.AllowCreatePhysxBodies:1]]
[2020.06.13-03.25.41:712][  0]LogConfig: Applying CVar settings from Section [ConsoleVariables] File [Z:/GAME DESIGN/WeeklygameJam150/Arise/Saved/Config/Windows/Engine.ini]
[2020.06.13-03.25.41:712][  0]LogInit: Computer: DESKTOP-U7ARV94
[2020.06.13-03.25.41:712][  0]LogInit: User: Minx
[2020.06.13-03.25.41:712][  0]LogInit: CPU Page size=4096, Cores=6
[2020.06.13-03.25.41:712][  0]LogInit: High frequency timer resolution =10.000000 MHz
[2020.06.13-03.25.41:712][  0]LogMemory: Memory total: Physical=16.0GB (16GB approx)
[2020.06.13-03.25.41:713][  0]LogMemory: Platform Memory Stats for Windows
[2020.06.13-03.25.41:713][  0]LogMemory: Process Physical Memory: 106.55 MB used, 106.55 MB peak
[2020.06.13-03.25.41:713][  0]LogMemory: Process Virtual Memory: 101.44 MB used, 101.44 MB peak
[2020.06.13-03.25.41:713][  0]LogMemory: Physical Memory: 5929.00 MB used,  10407.63 MB free, 16336.63 MB total
[2020.06.13-03.25.41:713][  0]LogMemory: Virtual Memory: 5124.95 MB used,  134212600.00 MB free, 134217728.00 MB total
[2020.06.13-03.25.41:718][  0]LogWindows: WindowsPlatformFeatures enabled
[2020.06.13-03.25.41:737][  0]LogInit: Using OS detected language (en-US).
[2020.06.13-03.25.41:737][  0]LogInit: Using OS detected locale (en-US).
[2020.06.13-03.25.41:738][  0]LogTextLocalizationManager: No specific localization for 'en-US' exists, so the 'en' localization will be used.
[2020.06.13-03.25.41:925][  0]LogInit: Setting process to per monitor DPI aware
[2020.06.13-03.25.41:973][  0]LogSlate: New Slate User Created.  User Index 0, Is Virtual User: 0
[2020.06.13-03.25.41:973][  0]LogSlate: Slate User Registered.  User Index 0, Is Virtual User: 0
[2020.06.13-03.25.42:181][  0]LogHMD: Failed to initialize OpenVR with code 110
[2020.06.13-03.25.42:181][  0]LogD3D11RHI: D3D11 min allowed feature level: 11_0
[2020.06.13-03.25.42:181][  0]LogD3D11RHI: D3D11 max allowed feature level: 11_0
[2020.06.13-03.25.42:181][  0]LogD3D11RHI: D3D11 adapters:
[2020.06.13-03.25.42:259][  0]LogD3D11RHI:    0. 'NVIDIA GeForce GTX 1060 6GB' (Feature Level 11_0)
[2020.06.13-03.25.42:259][  0]LogD3D11RHI:       6052/0/8168 MB DedicatedVideo/DedicatedSystem/SharedSystem, Outputs:2, VendorId:0x10de
[2020.06.13-03.25.42:262][  0]LogD3D11RHI:    1. 'Microsoft Basic Render Driver' (Feature Level 11_0)
[2020.06.13-03.25.42:262][  0]LogD3D11RHI:       0/0/8168 MB DedicatedVideo/DedicatedSystem/SharedSystem, Outputs:0, VendorId:0x1414
[2020.06.13-03.25.42:266][  0]LogD3D11RHI:    2. 'Microsoft Basic Render Driver' (Feature Level 11_0)
[2020.06.13-03.25.42:266][  0]LogD3D11RHI:       0/0/8168 MB DedicatedVideo/DedicatedSystem/SharedSystem, Outputs:0, VendorId:0x1414
[2020.06.13-03.25.42:266][  0]LogD3D11RHI: Chosen D3D11 Adapter: 0
[2020.06.13-03.25.42:274][  0]LogD3D11RHI: Creating new Direct3DDevice
[2020.06.13-03.25.42:275][  0]LogD3D11RHI:     GPU DeviceId: 0x1c03 (for the marketing name, search the web for "GPU Device Id")
[2020.06.13-03.25.42:275][  0]LogWindows: EnumDisplayDevices:
[2020.06.13-03.25.42:275][  0]LogWindows:    0. 'NVIDIA GeForce GTX 1060 6GB' (P:1 D:1)
[2020.06.13-03.25.42:275][  0]LogWindows:    1. 'NVIDIA GeForce GTX 1060 6GB' (P:0 D:1)
[2020.06.13-03.25.42:275][  0]LogWindows:    2. 'NVIDIA GeForce GTX 1060 6GB' (P:0 D:0)
[2020.06.13-03.25.42:276][  0]LogWindows:    3. 'NVIDIA GeForce GTX 1060 6GB' (P:0 D:0)
[2020.06.13-03.25.42:276][  0]LogWindows:    4. 'Citrix Indirect Display Adapter' (P:0 D:0)
[2020.06.13-03.25.42:277][  0]LogWindows:    5. 'Citrix Indirect Display Adapter' (P:0 D:0)
[2020.06.13-03.25.42:277][  0]LogWindows:    6. 'Citrix Indirect Display Adapter' (P:0 D:0)
[2020.06.13-03.25.42:277][  0]LogWindows:    7. 'Citrix Indirect Display Adapter' (P:0 D:0)
[2020.06.13-03.25.42:278][  0]LogWindows:    8. 'Citrix Indirect Display Adapter' (P:0 D:0)
[2020.06.13-03.25.42:278][  0]LogWindows:    9. 'Citrix Indirect Display Adapter' (P:0 D:0)
[2020.06.13-03.25.42:278][  0]LogWindows:    10. 'Citrix Indirect Display Adapter' (P:0 D:0)
[2020.06.13-03.25.42:279][  0]LogWindows:    11. 'Citrix Indirect Display Adapter' (P:0 D:0)
[2020.06.13-03.25.42:279][  0]LogWindows: DebugString: GetVideoDriverDetailsInvalid PrimaryIsNotTheChoosenAdapter GetVideoDriverDetailsInvalid PrimaryIsNotTheChoosenAdapter GetVideoDriverDetailsInvalid PrimaryIsNotTheChoosenAdapter GetVideoDriverDetailsInvalid PrimaryIsNotTheChoosenAdapter GetVideoDriverDetailsInvalid PrimaryIsNotTheChoosenAdapter GetVideoDriverDetailsInvalid PrimaryIsNotTheChoosenAdapter GetVideoDriverDetailsInvalid PrimaryIsNotTheChoosenAdapter GetVideoDriverDetailsInvalid PrimaryIsNotTheChoosenAdapter FoundDriverCount:4 
[2020.06.13-03.25.42:279][  0]LogD3D11RHI:     Adapter Name: NVIDIA GeForce GTX 1060 6GB
[2020.06.13-03.25.42:279][  0]LogD3D11RHI:   Driver Version: 445.75 (internal:26.21.14.4575, unified:445.75)
[2020.06.13-03.25.42:279][  0]LogD3D11RHI:      Driver Date: 3-17-2020
[2020.06.13-03.25.42:279][  0]LogRHI: Texture pool is 4236 MB (70% of 6052 MB)
[2020.06.13-03.25.42:339][  0]LogD3D11RHI: RHI has support for 64 bit atomics
[2020.06.13-03.25.42:339][  0]LogD3D11RHI: Async texture creation enabled
[2020.06.13-03.25.42:370][  0]LogD3D11RHI: GPU Timing Frequency: 1000.000000 (Debug: 2 1)
[2020.06.13-03.25.42:742][  0]LogTargetPlatformManager: Display: Loaded TargetPlatform 'AllDesktop'
[2020.06.13-03.25.42:777][  0]LogTargetPlatformManager: Display: Loaded TargetPlatform 'Android'
[2020.06.13-03.25.42:777][  0]LogTargetPlatformManager: Display: Loaded TargetPlatform 'Android_ASTC'
[2020.06.13-03.25.42:777][  0]LogTargetPlatformManager: Display: Loaded TargetPlatform 'Android_ATC'
[2020.06.13-03.25.42:777][  0]LogTargetPlatformManager: Display: Loaded TargetPlatform 'Android_DXT'
[2020.06.13-03.25.42:777][  0]LogTargetPlatformManager: Display: Loaded TargetPlatform 'Android_ETC1'
[2020.06.13-03.25.42:777][  0]LogTargetPlatformManager: Display: Loaded TargetPlatform 'Android_ETC1a'
[2020.06.13-03.25.42:777][  0]LogTargetPlatformManager: Display: Loaded TargetPlatform 'Android_ETC2'
[2020.06.13-03.25.42:777][  0]LogTargetPlatformManager: Display: Loaded TargetPlatform 'Android_PVRTC'
[2020.06.13-03.25.42:777][  0]LogTargetPlatformManager: Display: Loaded TargetPlatform 'AndroidClient'
[2020.06.13-03.25.42:777][  0]LogTargetPlatformManager: Display: Loaded TargetPlatform 'Android_ASTCClient'
[2020.06.13-03.25.42:777][  0]LogTargetPlatformManager: Display: Loaded TargetPlatform 'Android_ATCClient'
[2020.06.13-03.25.42:777][  0]LogTargetPlatformManager: Display: Loaded TargetPlatform 'Android_DXTClient'
[2020.06.13-03.25.42:777][  0]LogTargetPlatformManager: Display: Loaded TargetPlatform 'Android_ETC1Client'
[2020.06.13-03.25.42:777][  0]LogTargetPlatformManager: Display: Loaded TargetPlatform 'Android_ETC1aClient'
[2020.06.13-03.25.42:777][  0]LogTargetPlatformManager: Display: Loaded TargetPlatform 'Android_ETC2Client'
[2020.06.13-03.25.42:777][  0]LogTargetPlatformManager: Display: Loaded TargetPlatform 'Android_PVRTCClient'
[2020.06.13-03.25.42:777][  0]LogTargetPlatformManager: Display: Loaded TargetPlatform 'Android_Multi'
[2020.06.13-03.25.42:777][  0]LogTargetPlatformManager: Display: Loaded TargetPlatform 'Android_MultiClient'
[2020.06.13-03.25.42:799][  0]LogTargetPlatformManager: Display: Loaded TargetPlatform 'IOSClient'
[2020.06.13-03.25.42:799][  0]LogTargetPlatformManager: Display: Loaded TargetPlatform 'IOS'
[2020.06.13-03.25.42:808][  0]LogTargetPlatformManager: Display: Loaded TargetPlatform 'LinuxNoEditor'
[2020.06.13-03.25.42:816][  0]LogTargetPlatformManager: Display: Loaded TargetPlatform 'LinuxClient'
[2020.06.13-03.25.42:824][  0]LogTargetPlatformManager: Display: Loaded TargetPlatform 'LinuxServer'
[2020.06.13-03.25.42:832][  0]LogTargetPlatformManager: Display: Loaded TargetPlatform 'LinuxAArch64NoEditor'
[2020.06.13-03.25.42:840][  0]LogTargetPlatformManager: Display: Loaded TargetPlatform 'LinuxAArch64Client'
[2020.06.13-03.25.42:849][  0]LogTargetPlatformManager: Display: Loaded TargetPlatform 'LinuxAArch64Server'
[2020.06.13-03.25.42:877][  0]LogTargetPlatformManager: Display: Loaded TargetPlatform 'Lumin'
[2020.06.13-03.25.42:877][  0]LogTargetPlatformManager: Display: Loaded TargetPlatform 'LuminClient'
[2020.06.13-03.25.42:892][  0]LogTargetPlatformManager: Display: Loaded TargetPlatform 'TVOSClient'
[2020.06.13-03.25.42:892][  0]LogTargetPlatformManager: Display: Loaded TargetPlatform 'TVOS'
[2020.06.13-03.25.42:901][  0]LogTargetPlatformManager: Display: Loaded TargetPlatform 'WindowsNoEditor'
[2020.06.13-03.25.42:910][  0]LogTargetPlatformManager: Display: Loaded TargetPlatform 'Windows'
[2020.06.13-03.25.42:919][  0]LogTargetPlatformManager: Display: Loaded TargetPlatform 'WindowsClient'
[2020.06.13-03.25.42:927][  0]LogTargetPlatformManager: Display: Loaded TargetPlatform 'WindowsServer'
[2020.06.13-03.25.42:927][  0]LogTargetPlatformManager: Display: Building Assets For Windows
[2020.06.13-03.25.42:930][  0]LogAudioDebug: Display: Lib vorbis DLL was dynamically loaded.
[2020.06.13-03.25.42:953][  0]LogShaderCompilers: Guid format shader working directory is -4 characters bigger than the processId version (../../../../../GAME DESIGN/WeeklygameJam150/Arise/Intermediate/Shaders/WorkingDirectory/8712/).
[2020.06.13-03.25.42:953][  0]LogShaderCompilers: Cleaned the shader compiler working directory 'C:/Users/Minx/AppData/Local/Temp/UnrealShaderWorkingDir/2893BC1B4F1BAC57DA8DD0B1EFFE4C64/'.
[2020.06.13-03.25.42:954][  0]LogXGEController: Cannot use XGE Controller as Incredibuild is not installed on this machine.
[2020.06.13-03.25.42:954][  0]LogShaderCompilers: Cannot use XGE Shader Compiler as Incredibuild is not installed on this machine.
[2020.06.13-03.25.42:954][  0]LogShaderCompilers: Display: Using Local Shader Compiler.
[2020.06.13-03.25.43:777][  0]LogDerivedDataCache: Display: Max Cache Size: 512 MB
[2020.06.13-03.25.43:846][  0]LogDerivedDataCache: Loaded boot cache 0.07s 78MB C:/Users/Minx/AppData/Local/UnrealEngine/4.24/DerivedDataCache/Boot.ddc.
[2020.06.13-03.25.43:846][  0]LogDerivedDataCache: Display: Loaded Boot cache: C:/Users/Minx/AppData/Local/UnrealEngine/4.24/DerivedDataCache/Boot.ddc
[2020.06.13-03.25.43:846][  0]LogDerivedDataCache: FDerivedDataBackendGraph:  Pak pak cache file ../../../../../GAME DESIGN/WeeklygameJam150/Arise/DerivedDataCache/DDC.ddp not found, will not use a pak cache.
[2020.06.13-03.25.43:846][  0]LogDerivedDataCache: Unable to find inner node Pak for hierarchical cache Hierarchy.
[2020.06.13-03.25.43:846][  0]LogDerivedDataCache: FDerivedDataBackendGraph:  CompressedPak pak cache file ../../../../../GAME DESIGN/WeeklygameJam150/Arise/DerivedDataCache/Compressed.ddp not found, will not use a pak cache.
[2020.06.13-03.25.43:846][  0]LogDerivedDataCache: Unable to find inner node CompressedPak for hierarchical cache Hierarchy.
[2020.06.13-03.25.43:858][  0]LogDerivedDataCache: Display: Pak cache opened for reading ../../../Engine/DerivedDataCache/Compressed.ddp.
[2020.06.13-03.25.43:858][  0]LogDerivedDataCache: FDerivedDataBackendGraph:  EnterprisePak pak cache file ../../../Enterprise/DerivedDataCache/Compressed.ddp not found, will not use a pak cache.
[2020.06.13-03.25.43:858][  0]LogDerivedDataCache: Unable to find inner node EnterprisePak for hierarchical cache Hierarchy.
[2020.06.13-03.25.43:861][  0]LogDerivedDataCache: Using Local data cache path C:/Users/Minx/AppData/Local/UnrealEngine/Common/DerivedDataCache: Writable
[2020.06.13-03.25.43:861][  0]LogDerivedDataCache: Shared data cache path not found in *engine.ini, will not use an Shared cache.
[2020.06.13-03.25.43:861][  0]LogDerivedDataCache: Unable to find inner node Shared for hierarchical cache Hierarchy.
[2020.06.13-03.25.43:890][  0]LogMaterial: Verifying Global Shaders for PCD3D_SM5
[2020.06.13-03.25.43:894][  0]LogSlate: Using FreeType 2.10.0
[2020.06.13-03.25.43:895][  0]LogSlate: SlateFontServices - WITH_FREETYPE: 1, WITH_HARFBUZZ: 1
[2020.06.13-03.25.43:959][  0]LogAssetRegistry: FAssetRegistry took 0.0033 seconds to start up
[2020.06.13-03.25.44:302][  0]LogInit: Selected Device Profile: [Windows]
[2020.06.13-03.25.44:473][  0]LogMeshReduction: Using QuadricMeshReduction for automatic static mesh reduction
[2020.06.13-03.25.44:473][  0]LogMeshReduction: Using SimplygonMeshReduction for automatic skeletal mesh reduction
[2020.06.13-03.25.44:473][  0]LogMeshReduction: Using ProxyLODMeshReduction for automatic mesh merging
[2020.06.13-03.25.44:473][  0]LogMeshReduction: No distributed automatic mesh merging module available
[2020.06.13-03.25.44:473][  0]LogMeshMerging: No distributed automatic mesh merging module available
[2020.06.13-03.25.44:489][  0]LogNetVersion: Arise 1.0.0, NetCL: 10570792, EngineNetVer: 13, GameNetVer: 0 (Checksum: 1223036828)
[2020.06.13-03.25.45:739][  0]LogPackageLocalizationCache: Processed 11 localized package path(s) for 1 prioritized culture(s) in 0.049857 seconds
[2020.06.13-03.25.45:750][  0]LogUObjectArray: 46750 objects as part of root set at end of initial load.
[2020.06.13-03.25.45:750][  0]LogUObjectAllocator: 8137160 out of 0 bytes used by permanent object pool.
[2020.06.13-03.25.45:750][  0]LogUObjectArray: CloseDisregardForGC: 0/0 objects in disregard for GC pool
[2020.06.13-03.25.46:325][  0]LogTcpMessaging: Initializing TcpMessaging bridge
[2020.06.13-03.25.46:330][  0]LogUdpMessaging: Initializing bridge on interface 0.0.0.0:0 to multicast group 230.0.0.1:6666.
[2020.06.13-03.25.46:393][  0]SourceControl: Source control is disabled
[2020.06.13-03.25.46:394][  0]LogWindows: Warning: CreateProc failed: The system cannot find the file specified. (0x00000002)
[2020.06.13-03.25.46:394][  0]LogWindows: Warning: URL: C:/Program Files/Git/bin/git.exe version
[2020.06.13-03.25.46:395][  0]LogWindows: Warning: CreateProc failed: The system cannot find the file specified. (0x00000002)
[2020.06.13-03.25.46:395][  0]LogWindows: Warning: URL: C:/Program Files (x86)/Git/bin/git.exe version
[2020.06.13-03.25.46:395][  0]LogWindows: Warning: CreateProc failed: The system cannot find the file specified. (0x00000002)
[2020.06.13-03.25.46:395][  0]LogWindows: Warning: URL: C:\Users\Minx\AppData\Local/Programs/Git/cmd/git.exe version
[2020.06.13-03.25.46:395][  0]LogWindows: Warning: CreateProc failed: The system cannot find the file specified. (0x00000002)
[2020.06.13-03.25.46:395][  0]LogWindows: Warning: URL: C:/Program Files (x86)/SmartGit/git/bin/git.exe version
[2020.06.13-03.25.46:396][  0]LogWindows: Warning: CreateProc failed: The system cannot find the file specified. (0x00000002)
[2020.06.13-03.25.46:396][  0]LogWindows: Warning: URL: C:/Program Files (x86)/SmartGit/bin/git.exe version
[2020.06.13-03.25.47:505][  0]LogAndroidPermission: UAndroidPermissionCallbackProxy::GetInstance
[2020.06.13-03.25.47:520][  0]LogAudioCaptureCore: Display: No Audio Capture implementations found. Audio input will be silent.
[2020.06.13-03.25.47:520][  0]LogAudioCaptureCore: Display: No Audio Capture implementations found. Audio input will be silent.
[2020.06.13-03.25.47:623][  0]LogOcInput: OculusInput pre-init called
[2020.06.13-03.25.47:632][  0]LogWindows: Failed to load 'OVRPlugin.dll' (GetLastError=126)
[2020.06.13-03.25.47:632][  0]LogWindows: File 'OVRPlugin.dll' does not exist
[2020.06.13-03.25.47:722][  0]LogEngine: Initializing Engine...
[2020.06.13-03.25.47:723][  0]LogHMD: Failed to initialize OpenVR with code 110
[2020.06.13-03.25.47:724][  0]LogStats: UGameplayTagsManager::InitializeManager -  0.000 s
[2020.06.13-03.25.48:116][  0]LogInit: Initializing FReadOnlyCVARCache
[2020.06.13-03.25.48:123][  0]LogAIModule: Creating AISystem for world Untitled
[2020.06.13-03.25.48:138][  0]LogAudioMixer: Display: Audio Mixer Platform Settings:
[2020.06.13-03.25.48:139][  0]LogAudioMixer: Display: 	Sample Rate:						  48000
[2020.06.13-03.25.48:139][  0]LogAudioMixer: Display: 	Callback Buffer Frame Size Requested: 1024
[2020.06.13-03.25.48:139][  0]LogAudioMixer: Display: 	Callback Buffer Frame Size To Use:	  1024
[2020.06.13-03.25.48:139][  0]LogAudioMixer: Display: 	Number of buffers to queue:			  2
[2020.06.13-03.25.48:139][  0]LogAudioMixer: Display: 	Max Channels (voices):				  32
[2020.06.13-03.25.48:139][  0]LogAudioMixer: Display: 	Number of Async Source Workers:		  0
[2020.06.13-03.25.48:139][  0]LogAudio: Display: AudioDevice MaxSources: 32
[2020.06.13-03.25.48:139][  0]LogAudio: Display: Using built-in audio occlusion.
[2020.06.13-03.25.48:139][  0]LogAudioMixer: Display: Initializing audio mixer.
[2020.06.13-03.25.48:213][  0]LogAudioMixer: Display: Audio Device Output Speaker Info:
[2020.06.13-03.25.48:214][  0]LogAudioMixer: Display: Name: Headphones (High Definition Audio Device)
[2020.06.13-03.25.48:214][  0]LogAudioMixer: Display: Is Default: Yes
[2020.06.13-03.25.48:214][  0]LogAudioMixer: Display: Sample Rate: 48000
[2020.06.13-03.25.48:214][  0]LogAudioMixer: Display: Channel Count Used: 2
[2020.06.13-03.25.48:214][  0]LogAudioMixer: Display: Device Channel Count: 2
[2020.06.13-03.25.48:214][  0]LogAudioMixer: Display: Channel Order:
[2020.06.13-03.25.48:214][  0]LogAudioMixer: Display: 0: FrontLeft
[2020.06.13-03.25.48:214][  0]LogAudioMixer: Display: 1: FrontRight
[2020.06.13-03.25.48:248][  0]LogAudioMixer: Display: Using Audio Device Headphones (High Definition Audio Device)
[2020.06.13-03.25.48:253][  0]LogInit: FAudioDevice initialized.
[2020.06.13-03.25.48:254][  0]LogNetVersion: Set ProjectVersion to 1.0.0.0. Version Checksum will be recalculated on next use.
[2020.06.13-03.25.48:451][  0]LogDerivedDataCache: Saved boot cache 0.20s 78MB C:/Users/Minx/AppData/Local/UnrealEngine/4.24/DerivedDataCache/Boot.ddc.
[2020.06.13-03.25.48:451][  0]LogInit: Texture streaming: Enabled
[2020.06.13-03.25.48:465][  0]LogEngineSessionManager: EngineSessionManager initialized
[2020.06.13-03.25.48:465][  0]LogEditorSessionSummary: Verbose: Initializing EditorSessionSummaryWriter for editor session tracking
[2020.06.13-03.25.48:474][  0]LogEditorSessionSummary: EditorSessionSummaryWriter initialized
[2020.06.13-03.25.48:523][  0]LogInit: Transaction tracking system initialized
[2020.06.13-03.25.48:534][  0]BlueprintLog: New page: Editor Load
[2020.06.13-03.25.48:568][  0]LocalizationService: Localization service is disabled
[2020.06.13-03.25.48:952][  0]LogFileCache: Scanning file cache for directory 'Z:/GAME DESIGN/WeeklygameJam150/Arise/Content/' took 0.00s
[2020.06.13-03.25.48:952][  0]LogCook: Display: Max memory allowance for cook 16384mb min free memory 0mb
[2020.06.13-03.25.48:952][  0]LogCook: Display: Mobile HDR setting 1
[2020.06.13-03.25.49:964][  0]LogSlate: Took 0.000307 seconds to synchronously load lazily loaded font '../../../Engine/Content/Slate/Fonts/Roboto-Regular.ttf' (155K)
[2020.06.13-03.25.57:074][  0]LogSlate: Window 'Restore Packages' being destroyed
[2020.06.13-03.25.57:074][  0]LogWindowsTextInputMethodSystem: Display: IME system now deactivated.
[2020.06.13-03.25.57:520][  0]Cmd: MAP LOAD FILE="../../../../../GAME DESIGN/WeeklygameJam150/Arise/Content/ThirdPersonBP/Maps/ThirdPersonExampleMap.umap" TEMPLATE=0 SHOWPROGRESS=1 FEATURELEVEL=3
[2020.06.13-03.25.57:520][  0]LightingResults: New page: Lighting Build
[2020.06.13-03.25.57:521][  0]LogWorld: UWorld::CleanupWorld for Untitled, bSessionEnded=true, bCleanupResources=true
[2020.06.13-03.25.57:521][  0]LogSlate: InvalidateAllWidgets triggered.  All widgets were invalidated
[2020.06.13-03.25.57:522][  0]MapCheck: New page: Map Check
[2020.06.13-03.25.57:522][  0]LightingResults: New page: Lighting Build
[2020.06.13-03.25.57:565][  0]LogUObjectHash: Compacting FUObjectHashTables data took   2.58ms
[2020.06.13-03.25.58:563][  0]LogTexture: Display: Building textures: HQ_Lightmap0_42 (AutoDXT, 128X128)
[2020.06.13-03.25.58:563][  0]LogTexture: Display: Building textures: HQ_Lightmap0_41 (AutoDXT, 128X128)
[2020.06.13-03.25.58:563][  0]LogTexture: Display: Building textures: HQ_Lightmap0_38 (AutoDXT, 128X128)
[2020.06.13-03.25.58:563][  0]LogTexture: Display: Building textures: HQ_Lightmap0_40 (AutoDXT, 256X256)
[2020.06.13-03.25.58:563][  0]LogTexture: Display: Building textures: HQ_Lightmap0_39 (AutoDXT, 128X128)
[2020.06.13-03.25.58:563][  0]LogTexture: Display: Building textures: HQ_Lightmap0_43 (AutoDXT, 128X128)
[2020.06.13-03.25.58:563][  0]LogTexture: Display: Building textures: HQ_Lightmap0_44 (AutoDXT, 128X128)
[2020.06.13-03.25.58:563][  0]LogTexture: Display: Building textures: HQ_Lightmap0_45 (AutoDXT, 128X128)
[2020.06.13-03.25.58:563][  0]LogTexture: Display: Building textures: HQ_Lightmap0_46 (AutoDXT, 128X128)
[2020.06.13-03.25.58:563][  0]LogTexture: Display: Building textures: HQ_Lightmap0_47 (AutoDXT, 128X128)
[2020.06.13-03.25.58:563][  0]LogTexture: Display: Building textures: HQ_Lightmap0_48 (AutoDXT, 128X128)
[2020.06.13-03.25.58:564][  0]LogTexture: Display: Building textures: HQ_Lightmap0_49 (AutoDXT, 128X128)
[2020.06.13-03.25.58:564][  0]LogTexture: Display: Building textures: HQ_Lightmap0_50 (AutoDXT, 128X128)
[2020.06.13-03.25.58:564][  0]LogTexture: Display: Building textures: HQ_Lightmap0_51 (AutoDXT, 128X128)
[2020.06.13-03.25.58:564][  0]LogTexture: Display: Building textures: HQ_Lightmap0_53 (AutoDXT, 128X128)
[2020.06.13-03.25.58:564][  0]LogTexture: Display: Building textures: HQ_Lightmap0_52 (AutoDXT, 128X128)
[2020.06.13-03.25.58:564][  0]LogTexture: Display: Building textures: HQ_Lightmap0_54 (AutoDXT, 128X128)
[2020.06.13-03.25.58:564][  0]LogTexture: Display: Building textures: HQ_Lightmap0_55 (AutoDXT, 128X128)
[2020.06.13-03.25.58:564][  0]LogTexture: Display: Building textures: HQ_Lightmap0_57 (AutoDXT, 128X128)
[2020.06.13-03.25.58:564][  0]LogTexture: Display: Building textures: HQ_Lightmap0_60 (AutoDXT, 128X128)
[2020.06.13-03.25.58:564][  0]LogTexture: Display: Building textures: HQ_Lightmap0_58 (AutoDXT, 128X128)
[2020.06.13-03.25.58:564][  0]LogTexture: Display: Building textures: HQ_Lightmap0_61 (AutoDXT, 128X128)
[2020.06.13-03.25.58:564][  0]LogTexture: Display: Building textures: HQ_Lightmap0_56 (AutoDXT, 128X128)
[2020.06.13-03.25.58:564][  0]LogTexture: Display: Building textures: HQ_Lightmap0_62 (AutoDXT, 128X128)
[2020.06.13-03.25.58:564][  0]LogTexture: Display: Building textures: HQ_Lightmap0_63 (AutoDXT, 128X128)
[2020.06.13-03.25.58:564][  0]LogTexture: Display: Building textures: HQ_Lightmap0_59 (AutoDXT, 128X128)
[2020.06.13-03.25.58:564][  0]LogTexture: Display: Building textures: HQ_Lightmap0_64 (AutoDXT, 128X128)
[2020.06.13-03.25.58:564][  0]LogTexture: Display: Building textures: HQ_Lightmap0_65 (AutoDXT, 128X128)
[2020.06.13-03.25.58:564][  0]LogTexture: Display: Building textures: HQ_Lightmap0_66 (AutoDXT, 128X128)
[2020.06.13-03.25.58:564][  0]LogTexture: Display: Building textures: HQ_Lightmap0_67 (AutoDXT, 128X128)
[2020.06.13-03.25.58:564][  0]LogTexture: Display: Building textures: HQ_Lightmap0_70 (AutoDXT, 128X128)
[2020.06.13-03.25.58:564][  0]LogTexture: Display: Building textures: HQ_Lightmap0_71 (AutoDXT, 128X128)
[2020.06.13-03.25.58:564][  0]LogTexture: Display: Building textures: HQ_Lightmap0_72 (AutoDXT, 128X128)
[2020.06.13-03.25.58:564][  0]LogTexture: Display: Building textures: HQ_Lightmap0_68 (AutoDXT, 128X128)
[2020.06.13-03.25.58:564][  0]LogTexture: Display: Building textures: HQ_Lightmap0_73 (AutoDXT, 128X128)
[2020.06.13-03.25.58:564][  0]LogTexture: Display: Building textures: HQ_Lightmap0_69 (AutoDXT, 128X128)
[2020.06.13-03.25.58:564][  0]LogTexture: Display: Building textures: HQ_Lightmap0_74 (AutoDXT, 128X128)
[2020.06.13-03.25.58:564][  0]LogTexture: Display: Building textures: HQ_Lightmap0_75 (AutoDXT, 128X128)
[2020.06.13-03.25.58:564][  0]LogTexture: Display: Building textures: HQ_Lightmap0_76 (AutoDXT, 128X128)
[2020.06.13-03.25.58:564][  0]LogTexture: Display: Building textures: HQ_Lightmap0_77 (AutoDXT, 128X128)
[2020.06.13-03.25.58:564][  0]LogTexture: Display: Building textures: HQ_Lightmap0_78 (AutoDXT, 128X128)
[2020.06.13-03.25.58:564][  0]LogTexture: Display: Building textures: HQ_Lightmap0_82 (AutoDXT, 128X128)
[2020.06.13-03.25.58:564][  0]LogTexture: Display: Building textures: HQ_Lightmap0_81 (AutoDXT, 128X128)
[2020.06.13-03.25.58:564][  0]LogTexture: Display: Building textures: HQ_Lightmap0_80 (AutoDXT, 128X128)
[2020.06.13-03.25.58:564][  0]LogTexture: Display: Building textures: HQ_Lightmap0_79 (AutoDXT, 128X128)
[2020.06.13-03.25.58:564][  0]LogTexture: Display: Building textures: HQ_Lightmap0_83 (AutoDXT, 128X128)
[2020.06.13-03.25.58:564][  0]LogTexture: Display: Building textures: HQ_Lightmap0_84 (AutoDXT, 128X128)
[2020.06.13-03.25.58:564][  0]LogTexture: Display: Building textures: HQ_Lightmap0_86 (AutoDXT, 128X128)
[2020.06.13-03.25.58:564][  0]LogTexture: Display: Building textures: HQ_Lightmap0_89 (AutoDXT, 128X128)
[2020.06.13-03.25.58:564][  0]LogTexture: Display: Building textures: HQ_Lightmap0_87 (AutoDXT, 128X128)
[2020.06.13-03.25.58:565][  0]LogTexture: Display: Building textures: HQ_Lightmap0_88 (AutoDXT, 128X128)
[2020.06.13-03.25.58:565][  0]LogTexture: Display: Building textures: HQ_Lightmap0_85 (AutoDXT, 128X128)
[2020.06.13-03.25.58:565][  0]LogTexture: Display: Building textures: HQ_Lightmap0_91 (AutoDXT, 128X128)
[2020.06.13-03.25.58:565][  0]LogTexture: Display: Building textures: HQ_Lightmap0_90 (AutoDXT, 128X128)
[2020.06.13-03.25.58:565][  0]LogTexture: Display: Building textures: HQ_Lightmap0_92 (AutoDXT, 128X128)
[2020.06.13-03.25.58:565][  0]LogTexture: Display: Building textures: HQ_Lightmap0_94 (AutoDXT, 128X128)
[2020.06.13-03.25.58:565][  0]LogTexture: Display: Building textures: HQ_Lightmap0_95 (AutoDXT, 128X128)
[2020.06.13-03.25.58:565][  0]LogTexture: Display: Building textures: HQ_Lightmap0_96 (AutoDXT, 64X64)
[2020.06.13-03.25.58:565][  0]LogTexture: Display: Building textures: HQ_Lightmap0_93 (AutoDXT, 128X128)
[2020.06.13-03.25.58:565][  0]LogTexture: Display: Building textures: HQ_Lightmap1_10 (AutoDXT, 128X128)
[2020.06.13-03.25.58:565][  0]LogTexture: Display: Building textures: HQ_Lightmap1_11 (AutoDXT, 128X128)
[2020.06.13-03.25.58:565][  0]LogTexture: Display: Building textures: HQ_Lightmap1_12 (AutoDXT, 128X128)
[2020.06.13-03.25.58:565][  0]LogTexture: Display: Building textures: HQ_Lightmap1_13 (AutoDXT, 128X128)
[2020.06.13-03.25.58:565][  0]LogTexture: Display: Building textures: HQ_Lightmap1_16 (AutoDXT, 128X128)
[2020.06.13-03.25.58:565][  0]LogTexture: Display: Building textures: HQ_Lightmap1_14 (AutoDXT, 128X128)
[2020.06.13-03.25.58:565][  0]LogTexture: Display: Building textures: HQ_Lightmap1_17 (AutoDXT, 128X128)
[2020.06.13-03.25.58:565][  0]LogTexture: Display: Building textures: HQ_Lightmap1_15 (AutoDXT, 128X128)
[2020.06.13-03.25.58:565][  0]LogTexture: Display: Building textures: HQ_Lightmap1_1 (AutoDXT, 1024X1024)
[2020.06.13-03.25.58:565][  0]LogTexture: Display: Building textures: HQ_Lightmap1_18 (AutoDXT, 128X128)
[2020.06.13-03.25.58:565][  0]LogTexture: Display: Building textures: HQ_Lightmap1_19 (AutoDXT, 128X128)
[2020.06.13-03.25.58:565][  0]LogTexture: Display: Building textures: HQ_Lightmap1_2 (AutoDXT, 128X128)
[2020.06.13-03.25.58:565][  0]LogTexture: Display: Building textures: HQ_Lightmap1_20 (AutoDXT, 128X128)
[2020.06.13-03.25.58:565][  0]LogTexture: Display: Building textures: HQ_Lightmap1_21 (AutoDXT, 128X128)
[2020.06.13-03.25.58:565][  0]LogTexture: Display: Building textures: HQ_Lightmap1_22 (AutoDXT, 128X128)
[2020.06.13-03.25.58:565][  0]LogTexture: Display: Building textures: HQ_Lightmap1_23 (AutoDXT, 128X128)
[2020.06.13-03.25.58:565][  0]LogTexture: Display: Building textures: HQ_Lightmap1_24 (AutoDXT, 128X128)
[2020.06.13-03.25.58:565][  0]LogTexture: Display: Building textures: HQ_Lightmap1_25 (AutoDXT, 128X128)
[2020.06.13-03.25.58:565][  0]LogTexture: Display: Building textures: HQ_Lightmap1_26 (AutoDXT, 128X128)
[2020.06.13-03.25.58:565][  0]LogTexture: Display: Building textures: HQ_Lightmap1_28 (AutoDXT, 128X128)
[2020.06.13-03.25.58:565][  0]LogTexture: Display: Building textures: HQ_Lightmap1_27 (AutoDXT, 128X128)
[2020.06.13-03.25.58:565][  0]LogTexture: Display: Building textures: HQ_Lightmap1_29 (AutoDXT, 128X128)
[2020.06.13-03.25.58:565][  0]LogTexture: Display: Building textures: HQ_Lightmap1_3 (AutoDXT, 128X128)
[2020.06.13-03.25.58:565][  0]LogTexture: Display: Building textures: HQ_Lightmap1_30 (AutoDXT, 128X128)
[2020.06.13-03.25.58:565][  0]LogTexture: Display: Building textures: HQ_Lightmap1_31 (AutoDXT, 128X128)
[2020.06.13-03.25.58:565][  0]LogTexture: Display: Building textures: HQ_Lightmap1_32 (AutoDXT, 128X128)
[2020.06.13-03.25.58:565][  0]LogTexture: Display: Building textures: HQ_Lightmap1_33 (AutoDXT, 128X128)
[2020.06.13-03.25.58:565][  0]LogTexture: Display: Building textures: HQ_Lightmap1_35 (AutoDXT, 128X128)
[2020.06.13-03.25.58:565][  0]LogTexture: Display: Building textures: HQ_Lightmap1_34 (AutoDXT, 128X128)
[2020.06.13-03.25.58:566][  0]LogTexture: Display: Building textures: HQ_Lightmap1_36 (AutoDXT, 128X128)
[2020.06.13-03.25.58:566][  0]LogTexture: Display: Building textures: HQ_Lightmap1_37 (AutoDXT, 128X128)
[2020.06.13-03.25.58:566][  0]LogTexture: Display: Building textures: HQ_Lightmap1_4 (AutoDXT, 128X128)
[2020.06.13-03.25.58:566][  0]LogTexture: Display: Building textures: HQ_Lightmap1_5 (AutoDXT, 128X128)
[2020.06.13-03.25.58:566][  0]LogTexture: Display: Building textures: HQ_Lightmap1_6 (AutoDXT, 128X128)
[2020.06.13-03.25.58:566][  0]LogTexture: Display: Building textures: HQ_Lightmap1_7 (AutoDXT, 128X128)
[2020.06.13-03.25.58:566][  0]LogTexture: Display: Building textures: HQ_Lightmap1_8 (AutoDXT, 128X128)
[2020.06.13-03.25.58:566][  0]LogTexture: Display: Building textures: HQ_Lightmap1_9 (AutoDXT, 128X128)
[2020.06.13-03.25.58:566][  0]LogTexture: Display: Building textures: LQ_Lightmap_0_38 (DXT1, 128X128)
[2020.06.13-03.25.58:566][  0]LogTexture: Display: Building textures: LQ_Lightmap_0_39 (DXT1, 128X128)
[2020.06.13-03.25.58:566][  0]LogTexture: Display: Building textures: LQ_Lightmap_0_40 (DXT1, 256X256)
[2020.06.13-03.25.58:566][  0]LogTexture: Display: Building textures: LQ_Lightmap_0_41 (DXT1, 128X128)
[2020.06.13-03.25.58:566][  0]LogTexture: Display: Building textures: LQ_Lightmap_0_42 (DXT1, 128X128)
[2020.06.13-03.25.58:566][  0]LogTexture: Display: Building textures: LQ_Lightmap_0_44 (DXT1, 128X128)
[2020.06.13-03.25.58:566][  0]LogTexture: Display: Building textures: LQ_Lightmap_0_43 (DXT1, 128X128)
[2020.06.13-03.25.58:566][  0]LogTexture: Display: Building textures: LQ_Lightmap_0_45 (DXT1, 128X128)
[2020.06.13-03.25.58:566][  0]LogTexture: Display: Building textures: LQ_Lightmap_0_46 (DXT1, 128X128)
[2020.06.13-03.25.58:566][  0]LogTexture: Display: Building textures: LQ_Lightmap_0_47 (DXT1, 128X128)
[2020.06.13-03.25.58:566][  0]LogTexture: Display: Building textures: LQ_Lightmap_0_48 (DXT1, 128X128)
[2020.06.13-03.25.58:566][  0]LogTexture: Display: Building textures: LQ_Lightmap_0_50 (DXT1, 128X128)
[2020.06.13-03.25.58:566][  0]LogTexture: Display: Building textures: LQ_Lightmap_0_49 (DXT1, 128X128)
[2020.06.13-03.25.58:566][  0]LogTexture: Display: Building textures: LQ_Lightmap_0_51 (DXT1, 128X128)
[2020.06.13-03.25.58:566][  0]LogTexture: Display: Building textures: LQ_Lightmap_0_52 (DXT1, 128X128)
[2020.06.13-03.25.58:566][  0]LogTexture: Display: Building textures: LQ_Lightmap_0_54 (DXT1, 128X128)
[2020.06.13-03.25.58:566][  0]LogTexture: Display: Building textures: LQ_Lightmap_0_53 (DXT1, 128X128)
[2020.06.13-03.25.58:566][  0]LogTexture: Display: Building textures: LQ_Lightmap_0_55 (DXT1, 128X128)
[2020.06.13-03.25.58:566][  0]LogTexture: Display: Building textures: LQ_Lightmap_0_56 (DXT1, 128X128)
[2020.06.13-03.25.58:566][  0]LogTexture: Display: Building textures: LQ_Lightmap_0_57 (DXT1, 128X128)
[2020.06.13-03.25.58:566][  0]LogTexture: Display: Building textures: LQ_Lightmap_0_58 (DXT1, 128X128)
[2020.06.13-03.25.58:566][  0]LogTexture: Display: Building textures: LQ_Lightmap_0_59 (DXT1, 128X128)
[2020.06.13-03.25.58:566][  0]LogTexture: Display: Building textures: LQ_Lightmap_0_60 (DXT1, 128X128)
[2020.06.13-03.25.58:566][  0]LogTexture: Display: Building textures: LQ_Lightmap_0_61 (DXT1, 128X128)
[2020.06.13-03.25.58:566][  0]LogTexture: Display: Building textures: LQ_Lightmap_0_63 (DXT1, 128X128)
[2020.06.13-03.25.58:566][  0]LogTexture: Display: Building textures: LQ_Lightmap_0_62 (DXT1, 128X128)
[2020.06.13-03.25.58:566][  0]LogTexture: Display: Building textures: LQ_Lightmap_0_64 (DXT1, 128X128)
[2020.06.13-03.25.58:566][  0]LogTexture: Display: Building textures: LQ_Lightmap_0_65 (DXT1, 128X128)
[2020.06.13-03.25.58:566][  0]LogTexture: Display: Building textures: LQ_Lightmap_0_66 (DXT1, 128X128)
[2020.06.13-03.25.58:566][  0]LogTexture: Display: Building textures: LQ_Lightmap_0_67 (DXT1, 128X128)
[2020.06.13-03.25.58:566][  0]LogTexture: Display: Building textures: LQ_Lightmap_0_68 (DXT1, 128X128)
[2020.06.13-03.25.58:566][  0]LogTexture: Display: Building textures: LQ_Lightmap_0_69 (DXT1, 128X128)
[2020.06.13-03.25.58:567][  0]LogTexture: Display: Building textures: LQ_Lightmap_0_70 (DXT1, 128X128)
[2020.06.13-03.25.58:567][  0]LogTexture: Display: Building textures: LQ_Lightmap_0_71 (DXT1, 128X128)
[2020.06.13-03.25.58:567][  0]LogTexture: Display: Building textures: LQ_Lightmap_0_72 (DXT1, 128X128)
[2020.06.13-03.25.58:567][  0]LogTexture: Display: Building textures: LQ_Lightmap_0_73 (DXT1, 128X128)
[2020.06.13-03.25.58:567][  0]LogTexture: Display: Building textures: LQ_Lightmap_0_74 (DXT1, 128X128)
[2020.06.13-03.25.58:567][  0]LogTexture: Display: Building textures: LQ_Lightmap_0_75 (DXT1, 128X128)
[2020.06.13-03.25.58:567][  0]LogTexture: Display: Building textures: LQ_Lightmap_0_76 (DXT1, 128X128)
[2020.06.13-03.25.58:567][  0]LogTexture: Display: Building textures: LQ_Lightmap_0_77 (DXT1, 128X128)
[2020.06.13-03.25.58:567][  0]LogTexture: Display: Building textures: LQ_Lightmap_0_79 (DXT1, 128X128)
[2020.06.13-03.25.58:567][  0]LogTexture: Display: Building textures: LQ_Lightmap_0_78 (DXT1, 128X128)
[2020.06.13-03.25.58:567][  0]LogTexture: Display: Building textures: LQ_Lightmap_0_80 (DXT1, 128X128)
[2020.06.13-03.25.58:567][  0]LogTexture: Display: Building textures: LQ_Lightmap_0_81 (DXT1, 128X128)
[2020.06.13-03.25.58:567][  0]LogTexture: Display: Building textures: LQ_Lightmap_0_82 (DXT1, 128X128)
[2020.06.13-03.25.58:567][  0]LogTexture: Display: Building textures: LQ_Lightmap_0_83 (DXT1, 128X128)
[2020.06.13-03.25.58:567][  0]LogTexture: Display: Building textures: LQ_Lightmap_0_84 (DXT1, 128X128)
[2020.06.13-03.25.58:567][  0]LogTexture: Display: Building textures: LQ_Lightmap_0_85 (DXT1, 128X128)
[2020.06.13-03.25.58:567][  0]LogTexture: Display: Building textures: LQ_Lightmap_0_86 (DXT1, 128X128)
[2020.06.13-03.25.58:567][  0]LogTexture: Display: Building textures: LQ_Lightmap_0_87 (DXT1, 128X128)
[2020.06.13-03.25.58:567][  0]LogTexture: Display: Building textures: LQ_Lightmap_0_88 (DXT1, 128X128)
[2020.06.13-03.25.58:567][  0]LogTexture: Display: Building textures: LQ_Lightmap_0_89 (DXT1, 128X128)
[2020.06.13-03.25.58:567][  0]LogTexture: Display: Building textures: LQ_Lightmap_0_90 (DXT1, 128X128)
[2020.06.13-03.25.58:567][  0]LogTexture: Display: Building textures: LQ_Lightmap_0_91 (DXT1, 128X128)
[2020.06.13-03.25.58:567][  0]LogTexture: Display: Building textures: LQ_Lightmap_0_92 (DXT1, 128X128)
[2020.06.13-03.25.58:567][  0]LogTexture: Display: Building textures: LQ_Lightmap_0_93 (DXT1, 128X128)
[2020.06.13-03.25.58:567][  0]LogTexture: Display: Building textures: LQ_Lightmap_0_94 (DXT1, 128X128)
[2020.06.13-03.25.58:567][  0]LogTexture: Display: Building textures: LQ_Lightmap_0_95 (DXT1, 128X128)
[2020.06.13-03.25.58:567][  0]LogTexture: Display: Building textures: LQ_Lightmap_0_96 (DXT1, 64X64)
[2020.06.13-03.25.58:567][  0]LogTexture: Display: Building textures: LQ_Lightmap_1_12 (DXT1, 128X128)
[2020.06.13-03.25.58:567][  0]LogTexture: Display: Building textures: LQ_Lightmap_1_13 (DXT1, 128X128)
[2020.06.13-03.25.58:567][  0]LogTexture: Display: Building textures: LQ_Lightmap_1_10 (DXT1, 128X128)
[2020.06.13-03.25.58:567][  0]LogTexture: Display: Building textures: LQ_Lightmap_1_11 (DXT1, 128X128)
[2020.06.13-03.25.58:567][  0]LogTexture: Display: Building textures: LQ_Lightmap_1_14 (DXT1, 128X128)
[2020.06.13-03.25.58:567][  0]LogTexture: Display: Building textures: LQ_Lightmap_1_15 (DXT1, 128X128)
[2020.06.13-03.25.58:567][  0]LogTexture: Display: Building textures: LQ_Lightmap_1_16 (DXT1, 128X128)
[2020.06.13-03.25.58:567][  0]LogTexture: Display: Building textures: LQ_Lightmap_1_17 (DXT1, 128X128)
[2020.06.13-03.25.58:567][  0]LogTexture: Display: Building textures: LQ_Lightmap_1_1 (DXT1, 1024X1024)
[2020.06.13-03.25.58:567][  0]LogTexture: Display: Building textures: LQ_Lightmap_1_18 (DXT1, 128X128)
[2020.06.13-03.25.58:567][  0]LogTexture: Display: Building textures: LQ_Lightmap_1_19 (DXT1, 128X128)
[2020.06.13-03.25.58:568][  0]LogTexture: Display: Building textures: LQ_Lightmap_1_2 (DXT1, 128X128)
[2020.06.13-03.25.58:568][  0]LogTexture: Display: Building textures: LQ_Lightmap_1_20 (DXT1, 128X128)
[2020.06.13-03.25.58:568][  0]LogTexture: Display: Building textures: LQ_Lightmap_1_21 (DXT1, 128X128)
[2020.06.13-03.25.58:568][  0]LogTexture: Display: Building textures: LQ_Lightmap_1_22 (DXT1, 128X128)
[2020.06.13-03.25.58:568][  0]LogTexture: Display: Building textures: LQ_Lightmap_1_23 (DXT1, 128X128)
[2020.06.13-03.25.58:568][  0]LogTexture: Display: Building textures: LQ_Lightmap_1_24 (DXT1, 128X128)
[2020.06.13-03.25.58:568][  0]LogTexture: Display: Building textures: LQ_Lightmap_1_25 (DXT1, 128X128)
[2020.06.13-03.25.58:568][  0]LogTexture: Display: Building textures: LQ_Lightmap_1_27 (DXT1, 128X128)
[2020.06.13-03.25.58:568][  0]LogTexture: Display: Building textures: LQ_Lightmap_1_28 (DXT1, 128X128)
[2020.06.13-03.25.58:568][  0]LogTexture: Display: Building textures: LQ_Lightmap_1_26 (DXT1, 128X128)
[2020.06.13-03.25.58:568][  0]LogTexture: Display: Building textures: LQ_Lightmap_1_29 (DXT1, 128X128)
[2020.06.13-03.25.58:568][  0]LogTexture: Display: Building textures: LQ_Lightmap_1_3 (DXT1, 128X128)
[2020.06.13-03.25.58:568][  0]LogTexture: Display: Building textures: LQ_Lightmap_1_30 (DXT1, 128X128)
[2020.06.13-03.25.58:568][  0]LogTexture: Display: Building textures: LQ_Lightmap_1_31 (DXT1, 128X128)
[2020.06.13-03.25.58:568][  0]LogTexture: Display: Building textures: LQ_Lightmap_1_32 (DXT1, 128X128)
[2020.06.13-03.25.58:568][  0]LogTexture: Display: Building textures: LQ_Lightmap_1_33 (DXT1, 128X128)
[2020.06.13-03.25.58:568][  0]LogTexture: Display: Building textures: LQ_Lightmap_1_34 (DXT1, 128X128)
[2020.06.13-03.25.58:568][  0]LogTexture: Display: Building textures: LQ_Lightmap_1_35 (DXT1, 128X128)
[2020.06.13-03.25.58:568][  0]LogTexture: Display: Building textures: LQ_Lightmap_1_36 (DXT1, 128X128)
[2020.06.13-03.25.58:568][  0]LogTexture: Display: Building textures: LQ_Lightmap_1_37 (DXT1, 128X128)
[2020.06.13-03.25.58:568][  0]LogTexture: Display: Building textures: LQ_Lightmap_1_4 (DXT1, 128X128)
[2020.06.13-03.25.58:568][  0]LogTexture: Display: Building textures: LQ_Lightmap_1_5 (DXT1, 128X128)
[2020.06.13-03.25.58:568][  0]LogTexture: Display: Building textures: LQ_Lightmap_1_8 (DXT1, 128X128)
[2020.06.13-03.25.58:568][  0]LogTexture: Display: Building textures: LQ_Lightmap_1_6 (DXT1, 128X128)
[2020.06.13-03.25.58:568][  0]LogTexture: Display: Building textures: LQ_Lightmap_1_9 (DXT1, 128X128)
[2020.06.13-03.25.58:568][  0]LogTexture: Display: Building textures: SkyOcclusion0_38 (AutoDXT, 128X64)
[2020.06.13-03.25.58:568][  0]LogTexture: Display: Building textures: SkyOcclusion0_39 (AutoDXT, 128X64)
[2020.06.13-03.25.58:568][  0]LogTexture: Display: Building textures: SkyOcclusion0_40 (AutoDXT, 256X128)
[2020.06.13-03.25.58:568][  0]LogTexture: Display: Building textures: SkyOcclusion0_41 (AutoDXT, 128X64)
[2020.06.13-03.25.58:568][  0]LogTexture: Display: Building textures: LQ_Lightmap_1_7 (DXT1, 128X128)
[2020.06.13-03.25.58:568][  0]LogTexture: Display: Building textures: SkyOcclusion0_42 (AutoDXT, 128X64)
[2020.06.13-03.25.58:568][  0]LogTexture: Display: Building textures: SkyOcclusion0_43 (AutoDXT, 128X64)
[2020.06.13-03.25.58:568][  0]LogTexture: Display: Building textures: SkyOcclusion0_44 (AutoDXT, 128X64)
[2020.06.13-03.25.58:568][  0]LogTexture: Display: Building textures: SkyOcclusion0_45 (AutoDXT, 128X64)
[2020.06.13-03.25.58:568][  0]LogTexture: Display: Building textures: SkyOcclusion0_47 (AutoDXT, 128X64)
[2020.06.13-03.25.58:568][  0]LogTexture: Display: Building textures: SkyOcclusion0_46 (AutoDXT, 128X64)
[2020.06.13-03.25.58:568][  0]LogTexture: Display: Building textures: SkyOcclusion0_48 (AutoDXT, 128X64)
[2020.06.13-03.25.58:568][  0]LogTexture: Display: Building textures: SkyOcclusion0_49 (AutoDXT, 128X64)
[2020.06.13-03.25.58:568][  0]LogTexture: Display: Building textures: SkyOcclusion0_51 (AutoDXT, 128X64)
[2020.06.13-03.25.58:568][  0]LogTexture: Display: Building textures: SkyOcclusion0_50 (AutoDXT, 128X64)
[2020.06.13-03.25.58:569][  0]LogTexture: Display: Building textures: SkyOcclusion0_52 (AutoDXT, 128X64)
[2020.06.13-03.25.58:569][  0]LogTexture: Display: Building textures: SkyOcclusion0_53 (AutoDXT, 128X64)
[2020.06.13-03.25.58:569][  0]LogTexture: Display: Building textures: SkyOcclusion0_54 (AutoDXT, 128X64)
[2020.06.13-03.25.58:569][  0]LogTexture: Display: Building textures: SkyOcclusion0_55 (AutoDXT, 128X64)
[2020.06.13-03.25.58:569][  0]LogTexture: Display: Building textures: SkyOcclusion0_56 (AutoDXT, 128X64)
[2020.06.13-03.25.58:569][  0]LogTexture: Display: Building textures: SkyOcclusion0_58 (AutoDXT, 128X64)
[2020.06.13-03.25.58:569][  0]LogTexture: Display: Building textures: SkyOcclusion0_59 (AutoDXT, 128X64)
[2020.06.13-03.25.58:569][  0]LogTexture: Display: Building textures: SkyOcclusion0_60 (AutoDXT, 128X64)
[2020.06.13-03.25.58:569][  0]LogTexture: Display: Building textures: SkyOcclusion0_61 (AutoDXT, 128X64)
[2020.06.13-03.25.58:569][  0]LogTexture: Display: Building textures: SkyOcclusion0_57 (AutoDXT, 128X64)
[2020.06.13-03.25.58:569][  0]LogTexture: Display: Building textures: SkyOcclusion0_62 (AutoDXT, 128X64)
[2020.06.13-03.25.58:569][  0]LogTexture: Display: Building textures: SkyOcclusion0_63 (AutoDXT, 128X64)
[2020.06.13-03.25.58:569][  0]LogTexture: Display: Building textures: SkyOcclusion0_64 (AutoDXT, 128X64)
[2020.06.13-03.25.58:569][  0]LogTexture: Display: Building textures: SkyOcclusion0_65 (AutoDXT, 128X64)
[2020.06.13-03.25.58:569][  0]LogTexture: Display: Building textures: SkyOcclusion0_66 (AutoDXT, 128X64)
[2020.06.13-03.25.58:569][  0]LogTexture: Display: Building textures: SkyOcclusion0_67 (AutoDXT, 128X64)
[2020.06.13-03.25.58:569][  0]LogTexture: Display: Building textures: SkyOcclusion0_68 (AutoDXT, 128X64)
[2020.06.13-03.25.58:569][  0]LogTexture: Display: Building textures: SkyOcclusion0_71 (AutoDXT, 128X64)
[2020.06.13-03.25.58:569][  0]LogTexture: Display: Building textures: SkyOcclusion0_69 (AutoDXT, 128X64)
[2020.06.13-03.25.58:569][  0]LogTexture: Display: Building textures: SkyOcclusion0_72 (AutoDXT, 128X64)
[2020.06.13-03.25.58:569][  0]LogTexture: Display: Building textures: SkyOcclusion0_70 (AutoDXT, 128X64)
[2020.06.13-03.25.58:569][  0]LogTexture: Display: Building textures: SkyOcclusion0_73 (AutoDXT, 128X64)
[2020.06.13-03.25.58:569][  0]LogTexture: Display: Building textures: SkyOcclusion0_74 (AutoDXT, 128X64)
[2020.06.13-03.25.58:569][  0]LogTexture: Display: Building textures: SkyOcclusion0_75 (AutoDXT, 128X64)
[2020.06.13-03.25.58:569][  0]LogTexture: Display: Building textures: SkyOcclusion0_76 (AutoDXT, 128X64)
[2020.06.13-03.25.58:569][  0]LogTexture: Display: Building textures: SkyOcclusion0_77 (AutoDXT, 128X64)
[2020.06.13-03.25.58:569][  0]LogTexture: Display: Building textures: SkyOcclusion0_78 (AutoDXT, 128X64)
[2020.06.13-03.25.58:569][  0]LogTexture: Display: Building textures: SkyOcclusion0_79 (AutoDXT, 128X64)
[2020.06.13-03.25.58:569][  0]LogTexture: Display: Building textures: SkyOcclusion0_80 (AutoDXT, 128X64)
[2020.06.13-03.25.58:569][  0]LogTexture: Display: Building textures: SkyOcclusion0_81 (AutoDXT, 128X64)
[2020.06.13-03.25.58:569][  0]LogTexture: Display: Building textures: SkyOcclusion0_82 (AutoDXT, 128X64)
[2020.06.13-03.25.58:569][  0]LogTexture: Display: Building textures: SkyOcclusion0_83 (AutoDXT, 128X64)
[2020.06.13-03.25.58:569][  0]LogTexture: Display: Building textures: SkyOcclusion0_84 (AutoDXT, 128X64)
[2020.06.13-03.25.58:569][  0]LogTexture: Display: Building textures: SkyOcclusion0_85 (AutoDXT, 128X64)
[2020.06.13-03.25.58:569][  0]LogTexture: Display: Building textures: SkyOcclusion0_86 (AutoDXT, 128X64)
[2020.06.13-03.25.58:569][  0]LogTexture: Display: Building textures: SkyOcclusion0_87 (AutoDXT, 128X64)
[2020.06.13-03.25.58:569][  0]LogTexture: Display: Building textures: SkyOcclusion0_88 (AutoDXT, 128X64)
[2020.06.13-03.25.58:569][  0]LogTexture: Display: Building textures: SkyOcclusion0_89 (AutoDXT, 128X64)
[2020.06.13-03.25.58:569][  0]LogTexture: Display: Building textures: SkyOcclusion0_90 (AutoDXT, 128X64)
[2020.06.13-03.25.58:570][  0]LogTexture: Display: Building textures: SkyOcclusion0_91 (AutoDXT, 128X64)
[2020.06.13-03.25.58:570][  0]LogTexture: Display: Building textures: SkyOcclusion0_92 (AutoDXT, 128X64)
[2020.06.13-03.25.58:570][  0]LogTexture: Display: Building textures: SkyOcclusion0_93 (AutoDXT, 128X64)
[2020.06.13-03.25.58:570][  0]LogTexture: Display: Building textures: SkyOcclusion0_94 (AutoDXT, 128X64)
[2020.06.13-03.25.58:570][  0]LogTexture: Display: Building textures: SkyOcclusion0_95 (AutoDXT, 128X64)
[2020.06.13-03.25.58:570][  0]LogTexture: Display: Building textures: SkyOcclusion0_96 (AutoDXT, 64X32)
[2020.06.13-03.25.58:570][  0]LogTexture: Display: Building textures: SkyOcclusion1_10 (AutoDXT, 128X64)
[2020.06.13-03.25.58:570][  0]LogTexture: Display: Building textures: SkyOcclusion1_13 (AutoDXT, 128X64)
[2020.06.13-03.25.58:570][  0]LogTexture: Display: Building textures: SkyOcclusion1_12 (AutoDXT, 128X64)
[2020.06.13-03.25.58:570][  0]LogTexture: Display: Building textures: SkyOcclusion1_14 (AutoDXT, 128X64)
[2020.06.13-03.25.58:570][  0]LogTexture: Display: Building textures: SkyOcclusion1_15 (AutoDXT, 128X64)
[2020.06.13-03.25.58:570][  0]LogTexture: Display: Building textures: SkyOcclusion1_1 (AutoDXT, 1024X512)
[2020.06.13-03.25.58:570][  0]LogTexture: Display: Building textures: SkyOcclusion1_16 (AutoDXT, 128X64)
[2020.06.13-03.25.58:570][  0]LogTexture: Display: Building textures: SkyOcclusion1_17 (AutoDXT, 128X64)
[2020.06.13-03.25.58:570][  0]LogTexture: Display: Building textures: SkyOcclusion1_18 (AutoDXT, 128X64)
[2020.06.13-03.25.58:570][  0]LogTexture: Display: Building textures: SkyOcclusion1_19 (AutoDXT, 128X64)
[2020.06.13-03.25.58:570][  0]LogTexture: Display: Building textures: SkyOcclusion1_2 (AutoDXT, 128X64)
[2020.06.13-03.25.58:570][  0]LogTexture: Display: Building textures: SkyOcclusion1_20 (AutoDXT, 128X64)
[2020.06.13-03.25.58:570][  0]LogTexture: Display: Building textures: SkyOcclusion1_11 (AutoDXT, 128X64)
[2020.06.13-03.25.58:570][  0]LogTexture: Display: Building textures: SkyOcclusion1_21 (AutoDXT, 128X64)
[2020.06.13-03.25.58:570][  0]LogTexture: Display: Building textures: SkyOcclusion1_23 (AutoDXT, 128X64)
[2020.06.13-03.25.58:570][  0]LogTexture: Display: Building textures: SkyOcclusion1_24 (AutoDXT, 128X64)
[2020.06.13-03.25.58:570][  0]LogTexture: Display: Building textures: SkyOcclusion1_25 (AutoDXT, 128X64)
[2020.06.13-03.25.58:570][  0]LogTexture: Display: Building textures: SkyOcclusion1_26 (AutoDXT, 128X64)
[2020.06.13-03.25.58:570][  0]LogTexture: Display: Building textures: SkyOcclusion1_22 (AutoDXT, 128X64)
[2020.06.13-03.25.58:570][  0]LogTexture: Display: Building textures: SkyOcclusion1_27 (AutoDXT, 128X64)
[2020.06.13-03.25.58:570][  0]LogTexture: Display: Building textures: SkyOcclusion1_28 (AutoDXT, 128X64)
[2020.06.13-03.25.58:570][  0]LogTexture: Display: Building textures: SkyOcclusion1_29 (AutoDXT, 128X64)
[2020.06.13-03.25.58:570][  0]LogTexture: Display: Building textures: SkyOcclusion1_30 (AutoDXT, 128X64)
[2020.06.13-03.25.58:570][  0]LogTexture: Display: Building textures: SkyOcclusion1_3 (AutoDXT, 128X64)
[2020.06.13-03.25.58:570][  0]LogTexture: Display: Building textures: SkyOcclusion1_31 (AutoDXT, 128X64)
[2020.06.13-03.25.58:570][  0]LogTexture: Display: Building textures: SkyOcclusion1_32 (AutoDXT, 128X64)
[2020.06.13-03.25.58:570][  0]LogTexture: Display: Building textures: SkyOcclusion1_33 (AutoDXT, 128X64)
[2020.06.13-03.25.58:570][  0]LogTexture: Display: Building textures: SkyOcclusion1_34 (AutoDXT, 128X64)
[2020.06.13-03.25.58:570][  0]LogTexture: Display: Building textures: SkyOcclusion1_35 (AutoDXT, 128X64)
[2020.06.13-03.25.58:570][  0]LogTexture: Display: Building textures: SkyOcclusion1_36 (AutoDXT, 128X64)
[2020.06.13-03.25.58:570][  0]LogTexture: Display: Building textures: SkyOcclusion1_37 (AutoDXT, 128X64)
[2020.06.13-03.25.58:570][  0]LogTexture: Display: Building textures: SkyOcclusion1_4 (AutoDXT, 128X64)
[2020.06.13-03.25.58:570][  0]LogTexture: Display: Building textures: SkyOcclusion1_5 (AutoDXT, 128X64)
[2020.06.13-03.25.58:570][  0]LogTexture: Display: Building textures: SkyOcclusion1_6 (AutoDXT, 128X64)
[2020.06.13-03.25.58:571][  0]LogTexture: Display: Building textures: SkyOcclusion1_7 (AutoDXT, 128X64)
[2020.06.13-03.25.58:571][  0]LogTexture: Display: Building textures: SkyOcclusion1_8 (AutoDXT, 128X64)
[2020.06.13-03.25.58:571][  0]LogTexture: Display: Building textures: SkyOcclusion1_9 (AutoDXT, 128X64)
[2020.06.13-03.25.58:702][  0]LogAIModule: Creating AISystem for world ThirdPersonExampleMap
[2020.06.13-03.25.58:850][  0]LogEditorServer: Finished looking for orphan Actors (0.000 secs)
[2020.06.13-03.25.58:898][  0]LogUObjectHash: Compacting FUObjectHashTables data took   3.94ms
[2020.06.13-03.25.58:903][  0]Cmd: MAP CHECKDEP NOCLEARLOG
[2020.06.13-03.25.58:903][  0]MapCheck: Map check complete: 0 Error(s), 0 Warning(s), took 0.186ms to complete.
[2020.06.13-03.25.58:903][  0]LogFileHelpers: Loading map 'ThirdPersonExampleMap' took 1.384
[2020.06.13-03.25.59:059][  0]LogSlate: Updating window title bar state: overlay mode, drag disabled, window buttons hidden, title bar hidden
[2020.06.13-03.25.59:070][  0]LogSlate: Updating window title bar state: overlay mode, drag disabled, window buttons hidden, title bar hidden
[2020.06.13-03.25.59:078][  0]LogSlate: Updating window title bar state: overlay mode, drag disabled, window buttons hidden, title bar hidden
[2020.06.13-03.25.59:087][  0]LogSlate: Updating window title bar state: overlay mode, drag disabled, window buttons hidden, title bar hidden
[2020.06.13-03.25.59:102][  0]LogCollectionManager: Loaded 0 collections in 0.001869 seconds
[2020.06.13-03.25.59:140][  0]LogFileCache: Scanning file cache for directory 'Z:/GAME DESIGN/WeeklygameJam150/Arise/Saved/Collections/' took 0.00s
[2020.06.13-03.25.59:140][  0]LogFileCache: Scanning file cache for directory 'Z:/GAME DESIGN/WeeklygameJam150/Arise/Content/Developers/Minx/Collections/' took 0.00s
[2020.06.13-03.25.59:141][  0]LogFileCache: Scanning file cache for directory 'Z:/GAME DESIGN/WeeklygameJam150/Arise/Content/Collections/' took 0.00s
[2020.06.13-03.25.59:141][  0]LogContentBrowser: Native class hierarchy populated in 0.0109 seconds. Added 3054 classes and 741 folders.
[2020.06.13-03.25.59:153][  0]LogContentBrowser: Native class hierarchy updated for 'WidgetCarousel' in 0.0003 seconds. Added 0 classes and 0 folders.
[2020.06.13-03.25.59:311][  0]LogContentBrowser: Native class hierarchy updated for 'AddContentDialog' in 0.0003 seconds. Added 0 classes and 0 folders.
[2020.06.13-03.25.59:324][  0]LogContentBrowser: Native class hierarchy updated for 'SceneOutliner' in 0.0003 seconds. Added 2 classes and 3 folders.
[2020.06.13-03.25.59:427][  0]LogSlate: Took 0.000270 seconds to synchronously load lazily loaded font '../../../Engine/Content/Slate/Fonts/Roboto-Bold.ttf' (160K)
[2020.06.13-03.25.59:436][  0]LogSlate: Took 0.002168 seconds to synchronously load lazily loaded font '../../../Engine/Content/Editor/Slate/Fonts/FontAwesome.ttf' (139K)
[2020.06.13-03.25.59:541][  0]LogRenderer: Reallocating scene render targets to support 1336x668 Format 10 NumSamples 1 (Frame:1).
[2020.06.13-03.25.59:670][  0]LogSlate: Took 0.000842 seconds to synchronously load lazily loaded font '../../../Engine/Content/Slate/Fonts/Roboto-Light.ttf' (167K)
[2020.06.13-03.25.59:736][  0]LogContentBrowser: Native class hierarchy updated for 'HierarchicalLODOutliner' in 0.0003 seconds. Added 0 classes and 0 folders.
[2020.06.13-03.25.59:736][  0]LogLoad: (Engine Initialization) Total time: 20.23 seconds
[2020.06.13-03.25.59:736][  0]LogLoad: (Engine Initialization) Total Blueprint compile time: 0.00 seconds
[2020.06.13-03.25.59:889][  0]LogContentStreaming: Texture pool size now 1000 MB
[2020.06.13-03.25.59:982][  1]LogAssetRegistry: Asset discovery search completed in 16.0244 seconds
[2020.06.13-03.25.59:986][  1]LogCollectionManager: Fixed up redirectors for 0 collections in 0.000009 seconds (updated 0 objects)
[2020.06.13-03.30.11:596][754]LogWindowsTextInputMethodSystem: Display: IME system now deactivated.
[2020.06.13-03.30.13:845][990]LogTemp: Repeating last play command: Selected Viewport
[2020.06.13-03.30.13:860][990]LogBlueprintUserMessages: Early PlayInEditor Detection: Level '/Game/ThirdPersonBP/Maps/ThirdPersonExampleMap.ThirdPersonExampleMap:PersistentLevel' has LevelScriptBlueprint '/Game/ThirdPersonBP/Maps/ThirdPersonExampleMap.ThirdPersonExampleMap:PersistentLevel.ThirdPersonExampleMap' with GeneratedClass '/Game/ThirdPersonBP/Maps/ThirdPersonExampleMap.ThirdPersonExampleMap_C' with ClassGeneratedBy '/Game/ThirdPersonBP/Maps/ThirdPersonExampleMap.ThirdPersonExampleMap:PersistentLevel.ThirdPersonExampleMap'
[2020.06.13-03.30.13:863][990]LogPlayLevel: PlayLevel: No blueprints needed recompiling
[2020.06.13-03.30.13:868][990]PIE: New page: PIE session: ThirdPersonExampleMap (Jun 12, 2020, 1:30:13 PM)
[2020.06.13-03.30.13:870][990]LogOnline: OSS: Creating online subsystem instance for: NULL
[2020.06.13-03.30.13:871][990]LogOnline: OSS: TryLoadSubsystemAndSetDefault: Loaded subsystem for module [NULL]
[2020.06.13-03.30.13:872][990]LogPlayLevel: Creating play world package: /Game/ThirdPersonBP/Maps/UEDPIE_0_ThirdPersonExampleMap
[2020.06.13-03.30.14:054][990]LogPlayLevel: PIE: StaticDuplicateObject took: (0.181154s)
[2020.06.13-03.30.14:055][990]LogAIModule: Creating AISystem for world ThirdPersonExampleMap
[2020.06.13-03.30.14:056][990]LogPlayLevel: PIE: World Init took: (0.002145s)
[2020.06.13-03.30.14:056][990]LogPlayLevel: PIE: Created PIE world by copying editor world from /Game/ThirdPersonBP/Maps/ThirdPersonExampleMap.ThirdPersonExampleMap to /Game/ThirdPersonBP/Maps/UEDPIE_0_ThirdPersonExampleMap.ThirdPersonExampleMap (0.183742s)
[2020.06.13-03.30.14:099][990]LogUObjectHash: Compacting FUObjectHashTables data took   2.23ms
[2020.06.13-03.30.14:102][990]LogAudioMixer: Display: Audio Mixer Platform Settings:
[2020.06.13-03.30.14:102][990]LogAudioMixer: Display: 	Sample Rate:						  48000
[2020.06.13-03.30.14:102][990]LogAudioMixer: Display: 	Callback Buffer Frame Size Requested: 1024
[2020.06.13-03.30.14:102][990]LogAudioMixer: Display: 	Callback Buffer Frame Size To Use:	  1024
[2020.06.13-03.30.14:102][990]LogAudioMixer: Display: 	Number of buffers to queue:			  2
[2020.06.13-03.30.14:102][990]LogAudioMixer: Display: 	Max Channels (voices):				  32
[2020.06.13-03.30.14:102][990]LogAudioMixer: Display: 	Number of Async Source Workers:		  0
[2020.06.13-03.30.14:102][990]LogAudio: Display: AudioDevice MaxSources: 32
[2020.06.13-03.30.14:102][990]LogAudio: Display: Using built-in audio occlusion.
[2020.06.13-03.30.14:102][990]LogAudioMixer: Display: Initializing audio mixer.
[2020.06.13-03.30.14:166][990]LogAudioMixer: Display: Audio Device Output Speaker Info:
[2020.06.13-03.30.14:166][990]LogAudioMixer: Display: Name: Headphones (High Definition Audio Device)
[2020.06.13-03.30.14:166][990]LogAudioMixer: Display: Is Default: Yes
[2020.06.13-03.30.14:166][990]LogAudioMixer: Display: Sample Rate: 48000
[2020.06.13-03.30.14:166][990]LogAudioMixer: Display: Channel Count Used: 2
[2020.06.13-03.30.14:166][990]LogAudioMixer: Display: Device Channel Count: 2
[2020.06.13-03.30.14:166][990]LogAudioMixer: Display: Channel Order:
[2020.06.13-03.30.14:166][990]LogAudioMixer: Display: 0: FrontLeft
[2020.06.13-03.30.14:166][990]LogAudioMixer: Display: 1: FrontRight
[2020.06.13-03.30.14:183][990]LogAudioMixer: Display: Using Audio Device Headphones (High Definition Audio Device)
[2020.06.13-03.30.14:185][990]LogInit: FAudioDevice initialized.
[2020.06.13-03.30.14:903][990]LogLoad: Game class is 'AriseGameMode_C'
[2020.06.13-03.30.14:923][990]LogWorld: Bringing World /Game/ThirdPersonBP/Maps/UEDPIE_0_ThirdPersonExampleMap.ThirdPersonExampleMap up for play (max tick rate 0) at 2020.06.12-20.30.14
[2020.06.13-03.30.14:924][990]LogWorld: Bringing up level for play took: 0.013405
[2020.06.13-03.30.14:925][990]LogOnline: OSS: Creating online subsystem instance for: :Context_3
[2020.06.13-03.30.14:942][990]LogContentBrowser: Native class hierarchy updated for 'MovieSceneCapture' in 0.0004 seconds. Added 20 classes and 0 folders.
[2020.06.13-03.30.14:967][990]PIE: Play in editor start time for /Game/ThirdPersonBP/Maps/UEDPIE_0_ThirdPersonExampleMap 0.355
[2020.06.13-03.30.14:968][990]LogBlueprintUserMessages: Late PlayInEditor Detection: Level '/Game/ThirdPersonBP/Maps/ThirdPersonExampleMap.ThirdPersonExampleMap:PersistentLevel' has LevelScriptBlueprint '/Game/ThirdPersonBP/Maps/ThirdPersonExampleMap.ThirdPersonExampleMap:PersistentLevel.ThirdPersonExampleMap' with GeneratedClass '/Game/ThirdPersonBP/Maps/ThirdPersonExampleMap.ThirdPersonExampleMap_C' with ClassGeneratedBy '/Game/ThirdPersonBP/Maps/ThirdPersonExampleMap.ThirdPersonExampleMap:PersistentLevel.ThirdPersonExampleMap'
[2020.06.13-03.30.19:993][579]Cmd: LevelEditor.ToggleImmersive
[2020.06.13-03.30.20:039][579]LogSlate: Took 0.000295 seconds to synchronously load lazily loaded font '../../../Engine/Content/Slate/Fonts/Roboto-Light.ttf' (167K)
[2020.06.13-03.30.20:136][580]LogRenderer: Reallocating scene render targets to support 1604x840 Format 10 NumSamples 1 (Frame:591).
[2020.06.13-03.30.20:190][581]LogRenderer: Reallocating scene render targets to support 1920x1040 Format 10 NumSamples 1 (Frame:593).
[2020.06.13-03.31.06:256][838]LogAudioMixer: Display: No commands were queued while flushing the source manager.
[2020.06.13-03.31.06:258][838]LogAudioMixer: Display: Flush succeeded in the source manager command queue (1).
[2020.06.13-03.31.06:278][838]LogAudioMixer: Display: Flush succeeded the source manager command queue (2).
[2020.06.13-03.31.06:278][838]LogBlueprintUserMessages: Early EndPlayMap Detection: Level '/Game/ThirdPersonBP/Maps/ThirdPersonExampleMap.ThirdPersonExampleMap:PersistentLevel' has LevelScriptBlueprint '/Game/ThirdPersonBP/Maps/ThirdPersonExampleMap.ThirdPersonExampleMap:PersistentLevel.ThirdPersonExampleMap' with GeneratedClass '/Game/ThirdPersonBP/Maps/ThirdPersonExampleMap.ThirdPersonExampleMap_C' with ClassGeneratedBy '/Game/ThirdPersonBP/Maps/ThirdPersonExampleMap.ThirdPersonExampleMap:PersistentLevel.ThirdPersonExampleMap'
[2020.06.13-03.31.06:280][838]LogSlate: Updating window title bar state: overlay mode, drag disabled, window buttons hidden, title bar hidden
[2020.06.13-03.31.06:280][838]LogWorld: BeginTearingDown for /Game/ThirdPersonBP/Maps/UEDPIE_0_ThirdPersonExampleMap
[2020.06.13-03.31.06:281][838]LogAudioMixer: Display: No commands were queued while flushing the source manager.
[2020.06.13-03.31.06:281][838]LogWorld: UWorld::CleanupWorld for ThirdPersonExampleMap, bSessionEnded=true, bCleanupResources=true
[2020.06.13-03.31.06:285][838]LogSlate: InvalidateAllWidgets triggered.  All widgets were invalidated
[2020.06.13-03.31.06:305][838]LogPlayLevel: Display: Shutting down PIE online subsystems
[2020.06.13-03.31.06:306][838]LogBlueprintUserMessages: Late EndPlayMap Detection: Level '/Game/ThirdPersonBP/Maps/ThirdPersonExampleMap.ThirdPersonExampleMap:PersistentLevel' has LevelScriptBlueprint '/Game/ThirdPersonBP/Maps/ThirdPersonExampleMap.ThirdPersonExampleMap:PersistentLevel.ThirdPersonExampleMap' with GeneratedClass '/Game/ThirdPersonBP/Maps/ThirdPersonExampleMap.ThirdPersonExampleMap_C' with ClassGeneratedBy '/Game/ThirdPersonBP/Maps/ThirdPersonExampleMap.ThirdPersonExampleMap:PersistentLevel.ThirdPersonExampleMap'
[2020.06.13-03.31.06:311][838]LogSlate: InvalidateAllWidgets triggered.  All widgets were invalidated
[2020.06.13-03.31.06:354][838]LogAudioMixer: Display: No commands were queued while flushing the source manager.
[2020.06.13-03.31.06:358][838]LogSlate: Updating window title bar state: overlay mode, drag disabled, window buttons hidden, title bar hidden
[2020.06.13-03.31.06:368][838]LogUObjectHash: Compacting FUObjectHashTables data took   3.72ms
[2020.06.13-03.31.06:391][839]LogPlayLevel: Display: Destroying online subsystem :Context_3
[2020.06.13-03.31.11:087][370]Cmd: SELECT NONE
[2020.06.13-03.31.13:484][656]LogEditorViewport: Clicking on Actor (LMB): Landscape (Landscape)
[2020.06.13-03.31.16:504][940]LogUObjectHash: Compacting FUObjectHashTables data took   0.90ms
[2020.06.13-03.31.17:088][940]LogSavePackage: Moving '../../../../../GAME DESIGN/WeeklygameJam150/Arise/Saved/ThirdPersonExampleMap6F472F81457C8116856297995AEF41BC.tmp' to '../../../../../GAME DESIGN/WeeklygameJam150/Arise/Content/ThirdPersonBP/Maps/ThirdPersonExampleMap.umap'
[2020.06.13-03.31.18:344][940]LogSavePackage: Moving '../../../../../GAME DESIGN/WeeklygameJam150/Arise/Saved/ThirdPersonExampleMap_BuiltDataAE2AB8CB40C28B2559552A843F905C44.tmp' to '../../../../../GAME DESIGN/WeeklygameJam150/Arise/Content/ThirdPersonBP/Maps/ThirdPersonExampleMap_BuiltData.uasset'
[2020.06.13-03.31.18:381][940]AssetCheck: New page: Asset Save: multiple assets
[2020.06.13-03.31.18:381][940]LogContentValidation: Display: Validating World /Game/ThirdPersonBP/Maps/ThirdPersonExampleMap.ThirdPersonExampleMap
[2020.06.13-03.31.18:381][940]LogContentValidation: Display: Validating MapBuildDataRegistry /Game/ThirdPersonBP/Maps/ThirdPersonExampleMap_BuiltData.ThirdPersonExampleMap_BuiltData
[2020.06.13-03.31.20:337][154]LogEditorViewport: Clicking on Actor (LMB): StaticMeshActor (Long_Astroid_Sphere20)
[2020.06.13-03.31.20:819][168]SourceControl: fatal: Z:/Unreal-Games/UE_4.24/Engine/Content: 'Z:/Unreal-Games/UE_4.24/Engine/Content' is outside repository
[2020.06.13-03.31.32:018][168]LogSlate: Window 'Submit Files' being destroyed
[2020.06.13-03.31.36:805][168]LogSourceControl: commit successful: [master cf1bc9a] reimport
[2020.06.13-03.31.36:913][168]SourceControl: [master cf1bc9a] reimport
[2020.06.13-03.31.36:913][168]SourceControl:  2 files changed, 0 insertions(+), 0 deletions(-)
[2020.06.13-03.31.36:919][168]SourceControl: Commited [master cf1bc9a] reimport.
[2020.06.13-03.33.07:820][932]LogSlate: Window 'Source Control Login' being destroyed
[2020.06.13-03.33.13:187][435]SourceControl: fatal: Z:/Unreal-Games/UE_4.24/Engine/Content: 'Z:/Unreal-Games/UE_4.24/Engine/Content' is outside repository
[2020.06.13-03.33.13:379][435]EditorErrors: Warning: No assets to check in!
